#
# A fatal error has been detected by the Java Runtime Environment:
#
#  Internal Error (safepoint.cpp:318), pid=9626, tid=13571
#  guarantee(PageArmed == 0) failed: invariant
#
# JRE version: Java(TM) SE Runtime Environment (7.0_51-b13) (build 1.7.0_51-b13)
# Java VM: Java HotSpot(TM) 64-Bit Server VM (24.51-b03 mixed mode bsd-amd64 compressed oops)
# Failed to write core dump. Core dumps have been disabled. To enable core dumping, try "ulimit -c unlimited" before starting Java again
#
# If you would like to submit a bug report, please visit:
#   http://bugreport.sun.com/bugreport/crash.jsp
#

---------------  T H R E A D  ---------------

Current thread (0x00007f9afd042800):  VMThread [stack: 0x00000001150c4000,0x00000001151c4000] [id=13571]

Stack: [0x00000001150c4000,0x00000001151c4000],  sp=0x00000001151c3990,  free space=1022k
Native frames: (J=compiled Java code, j=interpreted, Vv=VM code, C=native code)
V  [libjvm.dylib+0x524ef9]  VMError::report_and_die()+0x5d5
V  [libjvm.dylib+0x1ec18d]  report_vm_error(char const*, int, char const*, char const*)+0x54
V  [libjvm.dylib+0x46e05a]  SafepointSynchronize::begin()+0x2b2
V  [libjvm.dylib+0x52aa1d]  VMThread::loop()+0x319
V  [libjvm.dylib+0x52a36b]  VMThread::run()+0x79
V  [libjvm.dylib+0x41b1d6]  java_start(Thread*)+0x126
C  [libsystem_pthread.dylib+0x1899]  _pthread_body+0x8a
C  [libsystem_pthread.dylib+0x172a]  _pthread_struct_init+0x0
C  [libsystem_pthread.dylib+0x5fc9]  thread_start+0xd

VM_Operation (0x0000000115512718): Exit, mode: safepoint, requested by thread 0x00007f9afb003000


---------------  P R O C E S S  ---------------

Java Threads: ( => current thread )
  0x00007f9afb003000 JavaThread "SIGTERM handler" daemon [_thread_blocked, id=17675, stack(0x0000000115413000,0x0000000115513000)]
  0x00007f9afd812000 JavaThread "Thread-2" [_thread_in_Java, id=23299, stack(0x0000000115c73000,0x0000000115d73000)]
  0x00007f9afd096800 JavaThread "Thread-1" [_thread_blocked, id=22787, stack(0x0000000115b70000,0x0000000115c70000)]
  0x00007f9afa840000 JavaThread "Thread-0" [_thread_blocked, id=22275, stack(0x0000000115a6d000,0x0000000115b6d000)]
  0x00007f9afd80d800 JavaThread "Service Thread" daemon [_thread_blocked, id=21251, stack(0x0000000115822000,0x0000000115922000)]
  0x00007f9afd80c800 JavaThread "C2 CompilerThread1" daemon [_thread_blocked, id=20739, stack(0x000000011571f000,0x000000011581f000)]
  0x00007f9afd80b000 JavaThread "C2 CompilerThread0" daemon [_thread_blocked, id=20227, stack(0x000000011561c000,0x000000011571c000)]
  0x00007f9afd045800 JavaThread "Finalizer" daemon [_thread_blocked, id=14595, stack(0x00000001152ca000,0x00000001153ca000)]
  0x00007f9afd043000 JavaThread "Reference Handler" daemon [_thread_blocked, id=14083, stack(0x00000001151c7000,0x00000001152c7000)]
  0x00007f9afa80a000 JavaThread "main" [_thread_blocked, id=6403, stack(0x000000010b48e000,0x000000010b58e000)]

Other Threads:
=>0x00007f9afd042800 VMThread [stack: 0x00000001150c4000,0x00000001151c4000] [id=13571]

VM state:synchronizing (normal execution)

VM Mutex/Monitor currently owned by a thread:  ([mutex/lock_event])
[0x00007f9afc8026e0] Safepoint_lock - owner thread: 0x00007f9afd042800
[0x00007f9afc802760] Threads_lock - owner thread: 0x00007f9afd042800

Heap
 PSYoungGen      total 180736K, used 65449K [0x00000007eaa80000, 0x00000007fdf80000, 0x0000000800000000)
  eden space 64512K, 29% used [0x00000007eaa80000,0x00000007ebce79a8,0x00000007ee980000)
  from space 116224K, 40% used [0x00000007ee980000,0x00000007f1702b88,0x00000007f5b00000)
  to   space 116224K, 0% used [0x00000007f6e00000,0x00000007f6e00000,0x00000007fdf80000)
 ParOldGen       total 642048K, used 440805K [0x00000007c0000000, 0x00000007e7300000, 0x00000007eaa80000)
  object space 642048K, 68% used [0x00000007c0000000,0x00000007dae79538,0x00000007e7300000)
 PSPermGen       total 21504K, used 2808K [0x00000007bae00000, 0x00000007bc300000, 0x00000007c0000000)
  object space 21504K, 13% used [0x00000007bae00000,0x00000007bb0be118,0x00000007bc300000)

Card table byte_map: [0x0000000110113000,0x000000011033d000] byte_map_base: 0x000000010c33c000

Polling page: 0x000000010b5cd000

Code Cache  [0x000000010d053000, 0x000000010d2c3000, 0x0000000110053000)
 total_blobs=225 nmethods=37 adapters=143 free_code_cache=48726Kb largest_free_block=49875456

Compilation events (10 events):
Event: 26.983 Thread 0x00007f9afd80c800   32             java.util.LinkedList::get (14 bytes)
Event: 27.016 Thread 0x00007f9afd80c800 nmethod 32 0x000000010d0c0810 code [0x000000010d0c0960, 0x000000010d0c0b38]
Event: 27.016 Thread 0x00007f9afd80c800   33             java.util.LinkedList::checkElementIndex (22 bytes)
Event: 27.017 Thread 0x00007f9afd80c800 nmethod 33 0x000000010d0bba90 code [0x000000010d0bbbc0, 0x000000010d0bbc38]
Event: 27.017 Thread 0x00007f9afd80c800   34             java.util.LinkedList::isElementIndex (18 bytes)
Event: 27.017 Thread 0x00007f9afd80c800 nmethod 34 0x000000010d0c0610 code [0x000000010d0c0740, 0x000000010d0c07b8]
Event: 27.017 Thread 0x00007f9afd80c800   35 % !         project5.Receiver::run @ 137 (259 bytes)
Event: 27.025 Thread 0x00007f9afd80c800 nmethod 35% 0x000000010d0be090 code [0x000000010d0be220, 0x000000010d0be658]
Event: 38.736 Thread 0x00007f9afd80c800   37 % !         project5.Buffer::run @ 8 (34 bytes)
Event: 38.768 Thread 0x00007f9afd80c800 nmethod 37% 0x000000010d0c01d0 code [0x000000010d0c0340, 0x000000010d0c0478]

GC Heap History (10 events):
Event: 16.820 GC heap before
{Heap before GC invocations=16 (full 4):
 PSYoungGen      total 158720K, used 42496K [0x00000007eaa80000, 0x00000007fc000000, 0x0000000800000000)
  eden space 42496K, 100% used [0x00000007eaa80000,0x00000007ed400000,0x00000007ed400000)
  from space 116224K, 0% used [0x00000007ed400000,0x00000007ed400000,0x00000007f4580000)
  to   space 116224K, 0% used [0x00000007f4e80000,0x00000007f4e80000,0x00000007fc000000)
 ParOldGen       total 440832K, used 278006K [0x00000007c0000000, 0x00000007dae80000, 0x00000007eaa80000)
  object space 440832K, 63% used [0x00000007c0000000,0x00000007d0f7d870,0x00000007dae80000)
 PSPermGen       total 21504K, used 2798K [0x00000007bae00000, 0x00000007bc300000, 0x00000007c0000000)
  object space 21504K, 13% used [0x00000007bae00000,0x00000007bb0bba00,0x00000007bc300000)
Event: 16.944 GC heap after
Heap after GC invocations=16 (full 4):
 PSYoungGen      total 166912K, used 42624K [0x00000007eaa80000, 0x00000007fbf80000, 0x0000000800000000)
  eden space 51200K, 0% used [0x00000007eaa80000,0x00000007eaa80000,0x00000007edc80000)
  from space 115712K, 36% used [0x00000007f4e80000,0x00000007f7820010,0x00000007fbf80000)
  to   space 116224K, 0% used [0x00000007edc80000,0x00000007edc80000,0x00000007f4e00000)
 ParOldGen       total 440832K, used 278006K [0x00000007c0000000, 0x00000007dae80000, 0x00000007eaa80000)
  object space 440832K, 63% used [0x00000007c0000000,0x00000007d0f7d870,0x00000007dae80000)
 PSPermGen       total 21504K, used 2798K [0x00000007bae00000, 0x00000007bc300000, 0x00000007c0000000)
  object space 21504K, 13% used [0x00000007bae00000,0x00000007bb0bba00,0x00000007bc300000)
}
Event: 17.226 GC heap before
{Heap before GC invocations=17 (full 4):
 PSYoungGen      total 166912K, used 93824K [0x00000007eaa80000, 0x00000007fbf80000, 0x0000000800000000)
  eden space 51200K, 100% used [0x00000007eaa80000,0x00000007edc80000,0x00000007edc80000)
  from space 115712K, 36% used [0x00000007f4e80000,0x00000007f7820010,0x00000007fbf80000)
  to   space 116224K, 0% used [0x00000007edc80000,0x00000007edc80000,0x00000007f4e00000)
 ParOldGen       total 440832K, used 278006K [0x00000007c0000000, 0x00000007dae80000, 0x00000007eaa80000)
  object space 440832K, 63% used [0x00000007c0000000,0x00000007d0f7d870,0x00000007dae80000)
 PSPermGen       total 21504K, used 2798K [0x00000007bae00000, 0x00000007bc300000, 0x00000007c0000000)
  object space 21504K, 13% used [0x00000007bae00000,0x00000007bb0bba00,0x00000007bc300000)
Event: 17.872 GC heap after
Heap after GC invocations=17 (full 4):
 PSYoungGen      total 167424K, used 51360K [0x00000007eaa80000, 0x00000007fcc80000, 0x0000000800000000)
  eden space 51200K, 0% used [0x00000007eaa80000,0x00000007eaa80000,0x00000007edc80000)
  from space 116224K, 44% used [0x00000007edc80000,0x00000007f0ea8000,0x00000007f4e00000)
  to   space 116224K, 0% used [0x00000007f5b00000,0x00000007f5b00000,0x00000007fcc80000)
 ParOldGen       total 440832K, used 320606K [0x00000007c0000000, 0x00000007dae80000, 0x00000007eaa80000)
  object space 440832K, 72% used [0x00000007c0000000,0x00000007d3917880,0x00000007dae80000)
 PSPermGen       total 21504K, used 2798K [0x00000007bae00000, 0x00000007bc300000, 0x00000007c0000000)
  object space 21504K, 13% used [0x00000007bae00000,0x00000007bb0bba00,0x00000007bc300000)
}
Event: 18.070 GC heap before
{Heap before GC invocations=18 (full 4):
 PSYoungGen      total 167424K, used 102560K [0x00000007eaa80000, 0x00000007fcc80000, 0x0000000800000000)
  eden space 51200K, 100% used [0x00000007eaa80000,0x00000007edc80000,0x00000007edc80000)
  from space 116224K, 44% used [0x00000007edc80000,0x00000007f0ea8000,0x00000007f4e00000)
  to   space 116224K, 0% used [0x00000007f5b00000,0x00000007f5b00000,0x00000007fcc80000)
 ParOldGen       total 440832K, used 320606K [0x00000007c0000000, 0x00000007dae80000, 0x00000007eaa80000)
  object space 440832K, 72% used [0x00000007c0000000,0x00000007d3917880,0x00000007dae80000)
 PSPermGen       total 21504K, used 2798K [0x00000007bae00000, 0x00000007bc300000, 0x00000007c0000000)
  object space 21504K, 13% used [0x00000007bae00000,0x00000007bb0bba00,0x00000007bc300000)
Event: 18.567 GC heap after
Heap after GC invocations=18 (full 4):
 PSYoungGen      total 180736K, used 51392K [0x00000007eaa80000, 0x00000007fce00000, 0x0000000800000000)
  eden space 64512K, 0% used [0x00000007eaa80000,0x00000007eaa80000,0x00000007ee980000)
  from space 116224K, 44% used [0x00000007f5b00000,0x00000007f8d30000,0x00000007fcc80000)
  to   space 116224K, 0% used [0x00000007ee980000,0x00000007ee980000,0x00000007f5b00000)
 ParOldGen       total 440832K, used 371982K [0x00000007c0000000, 0x00000007dae80000, 0x00000007eaa80000)
  object space 440832K, 84% used [0x00000007c0000000,0x00000007d6b43880,0x00000007dae80000)
 PSPermGen       total 21504K, used 2798K [0x00000007bae00000, 0x00000007bc300000, 0x00000007c0000000)
  object space 21504K, 13% used [0x00000007bae00000,0x00000007bb0bba00,0x00000007bc300000)
}
Event: 19.089 GC heap before
{Heap before GC invocations=19 (full 4):
 PSYoungGen      total 180736K, used 115904K [0x00000007eaa80000, 0x00000007fce00000, 0x0000000800000000)
  eden space 64512K, 100% used [0x00000007eaa80000,0x00000007ee980000,0x00000007ee980000)
  from space 116224K, 44% used [0x00000007f5b00000,0x00000007f8d30000,0x00000007fcc80000)
  to   space 116224K, 0% used [0x00000007ee980000,0x00000007ee980000,0x00000007f5b00000)
 ParOldGen       total 440832K, used 371982K [0x00000007c0000000, 0x00000007dae80000, 0x00000007eaa80000)
  object space 440832K, 84% used [0x00000007c0000000,0x00000007d6b43880,0x00000007dae80000)
 PSPermGen       total 21504K, used 2798K [0x00000007bae00000, 0x00000007bc300000, 0x00000007c0000000)
  object space 21504K, 13% used [0x00000007bae00000,0x00000007bb0bba00,0x00000007bc300000)
Event: 19.645 GC heap after
Heap after GC invocations=19 (full 4):
 PSYoungGen      total 180736K, used 64672K [0x00000007eaa80000, 0x00000007fdf80000, 0x0000000800000000)
  eden space 64512K, 0% used [0x00000007eaa80000,0x00000007eaa80000,0x00000007ee980000)
  from space 116224K, 55% used [0x00000007ee980000,0x00000007f28a8000,0x00000007f5b00000)
  to   space 116224K, 0% used [0x00000007f6e00000,0x00000007f6e00000,0x00000007fdf80000)
 ParOldGen       total 440832K, used 423342K [0x00000007c0000000, 0x00000007dae80000, 0x00000007eaa80000)
  object space 440832K, 96% used [0x00000007c0000000,0x00000007d9d6b880,0x00000007dae80000)
 PSPermGen       total 21504K, used 2798K [0x00000007bae00000, 0x00000007bc300000, 0x00000007c0000000)
  object space 21504K, 13% used [0x00000007bae00000,0x00000007bb0bba00,0x00000007bc300000)
}
Event: 19.645 GC heap before
{Heap before GC invocations=20 (full 5):
 PSYoungGen      total 180736K, used 64672K [0x00000007eaa80000, 0x00000007fdf80000, 0x0000000800000000)
  eden space 64512K, 0% used [0x00000007eaa80000,0x00000007eaa80000,0x00000007ee980000)
  from space 116224K, 55% used [0x00000007ee980000,0x00000007f28a8000,0x00000007f5b00000)
  to   space 116224K, 0% used [0x00000007f6e00000,0x00000007f6e00000,0x00000007fdf80000)
 ParOldGen       total 440832K, used 423342K [0x00000007c0000000, 0x00000007dae80000, 0x00000007eaa80000)
  object space 440832K, 96% used [0x00000007c0000000,0x00000007d9d6b880,0x00000007dae80000)
 PSPermGen       total 21504K, used 2798K [0x00000007bae00000, 0x00000007bc300000, 0x00000007c0000000)
  object space 21504K, 13% used [0x00000007bae00000,0x00000007bb0bba00,0x00000007bc300000)
Event: 24.129 GC heap after
Heap after GC invocations=20 (full 5):
 PSYoungGen      total 180736K, used 46602K [0x00000007eaa80000, 0x00000007fdf80000, 0x0000000800000000)
  eden space 64512K, 0% used [0x00000007eaa80000,0x00000007eaa80000,0x00000007ee980000)
  from space 116224K, 40% used [0x00000007ee980000,0x00000007f1702b88,0x00000007f5b00000)
  to   space 116224K, 0% used [0x00000007f6e00000,0x00000007f6e00000,0x00000007fdf80000)
 ParOldGen       total 642048K, used 440805K [0x00000007c0000000, 0x00000007e7300000, 0x00000007eaa80000)
  object space 642048K, 68% used [0x00000007c0000000,0x00000007dae79538,0x00000007e7300000)
 PSPermGen       total 21504K, used 2798K [0x00000007bae00000, 0x00000007bc300000, 0x00000007c0000000)
  object space 21504K, 13% used [0x00000007bae00000,0x00000007bb0bba00,0x00000007bc300000)
}

Deoptimization events (2 events):
Event: 9.544 Thread 0x00007f9afd812000 Uncommon trap: reason=unreached action=reinterpret pc=0x000000010d0b3fac method=java.util.LinkedList.linkLast(Ljava/lang/Object;)V @ 22
Event: 16.498 Thread 0x00007f9afd812000 Uncommon trap: reason=unreached action=reinterpret pc=0x000000010d0bc54c method=project5.Receiver.run()V @ 176

Internal exceptions (10 events):
Event: 0.081 Thread 0x00007f9afa80a000 Threw 0x00000007eab13998 at /HUDSON/workspace/7u-2-build-macosx-x86_64/jdk7u51/527/hotspot/src/share/vm/prims/jvm.cpp:1244
Event: 0.081 Thread 0x00007f9afa80a000 Threw 0x00000007eab13ac0 at /HUDSON/workspace/7u-2-build-macosx-x86_64/jdk7u51/527/hotspot/src/share/vm/prims/jvm.cpp:1244
Event: 0.083 Thread 0x00007f9afa80a000 Threw 0x00000007eab26570 at /HUDSON/workspace/7u-2-build-macosx-x86_64/jdk7u51/527/hotspot/src/share/vm/prims/jni.cpp:717
Event: 0.083 Thread 0x00007f9afa80a000 Threw 0x00000007eab26690 at /HUDSON/workspace/7u-2-build-macosx-x86_64/jdk7u51/527/hotspot/src/share/vm/prims/jvm.cpp:1244
Event: 0.083 Thread 0x00007f9afa80a000 Threw 0x00000007eab267b8 at /HUDSON/workspace/7u-2-build-macosx-x86_64/jdk7u51/527/hotspot/src/share/vm/prims/jvm.cpp:1244
Event: 0.083 Thread 0x00007f9afa80a000 Threw 0x00000007eab26a08 at /HUDSON/workspace/7u-2-build-macosx-x86_64/jdk7u51/527/hotspot/src/share/vm/prims/jvm.cpp:1244
Event: 0.087 Thread 0x00007f9afa80a000 Threw 0x00000007eab2f208 at /HUDSON/workspace/7u-2-build-macosx-x86_64/jdk7u51/527/hotspot/src/share/vm/prims/jvm.cpp:1244
Event: 0.088 Thread 0x00007f9afa80a000 Threw 0x00000007eab328d0 at /HUDSON/workspace/7u-2-build-macosx-x86_64/jdk7u51/527/hotspot/src/share/vm/prims/jvm.cpp:1244
Event: 0.089 Thread 0x00007f9afa80a000 Threw 0x00000007eab35868 at /HUDSON/workspace/7u-2-build-macosx-x86_64/jdk7u51/527/hotspot/src/share/vm/prims/jvm.cpp:1244
Event: 9.544 Thread 0x00007f9afd812000 Implicit null exception at 0x000000010d0b3f56 to 0x000000010d0b3f92

Events (10 events):
Event: 24.129 Executing VM operation: ParallelGCFailedAllocation done
Event: 41.938 loading class 0x00000001131f6210
Event: 42.607 loading class 0x00000001131f6210 done
Event: 43.092 Thread 0x00007f9afb003000 Thread added: 0x00007f9afb003000
Event: 43.092 loading class 0x00000001131b5450
Event: 43.132 loading class 0x00000001131b5450 done
Event: 43.199 loading class 0x00007f9afd8892b0
Event: 43.199 loading class 0x00007f9afd8892b0 done
Event: 43.374 Thread 0x00007f9afa815000 Thread exited: 0x00007f9afa815000
Event: 43.399 Executing VM operation: Exit


Dynamic libraries:
0x0000000008721000 	/System/Library/Frameworks/Cocoa.framework/Versions/A/Cocoa
0x0000000008721000 	/System/Library/Frameworks/Security.framework/Versions/A/Security
0x0000000008721000 	/System/Library/Frameworks/ApplicationServices.framework/Versions/A/ApplicationServices
0x0000000008721000 	/usr/lib/libz.1.dylib
0x0000000008721000 	/usr/lib/libSystem.B.dylib
0x0000000008721000 	/usr/lib/libobjc.A.dylib
0x0000000008721000 	/System/Library/Frameworks/CoreFoundation.framework/Versions/A/CoreFoundation
0x0000000008721000 	/System/Library/Frameworks/Foundation.framework/Versions/C/Foundation
0x0000000008721000 	/System/Library/Frameworks/AppKit.framework/Versions/C/AppKit
0x0000000008721000 	/System/Library/Frameworks/CoreData.framework/Versions/A/CoreData
0x0000000008721000 	/System/Library/PrivateFrameworks/RemoteViewServices.framework/Versions/A/RemoteViewServices
0x0000000008721000 	/System/Library/Frameworks/AudioToolbox.framework/Versions/A/AudioToolbox
0x0000000008721000 	/System/Library/Frameworks/AudioUnit.framework/Versions/A/AudioUnit
0x0000000008721000 	/System/Library/PrivateFrameworks/DataDetectorsCore.framework/Versions/A/DataDetectorsCore
0x0000000008721000 	/System/Library/PrivateFrameworks/DesktopServicesPriv.framework/Versions/A/DesktopServicesPriv
0x0000000008721000 	/System/Library/Frameworks/Carbon.framework/Versions/A/Frameworks/HIToolbox.framework/Versions/A/HIToolbox
0x0000000008721000 	/System/Library/Frameworks/QuartzCore.framework/Versions/A/QuartzCore
0x0000000008721000 	/System/Library/Frameworks/Carbon.framework/Versions/A/Frameworks/SpeechRecognition.framework/Versions/A/SpeechRecognition
0x0000000008721000 	/usr/lib/libauto.dylib
0x0000000008721000 	/usr/lib/libicucore.A.dylib
0x0000000008721000 	/usr/lib/libxml2.2.dylib
0x0000000008721000 	/System/Library/PrivateFrameworks/CoreUI.framework/Versions/A/CoreUI
0x0000000008721000 	/System/Library/Frameworks/CoreAudio.framework/Versions/A/CoreAudio
0x0000000008721000 	/System/Library/Frameworks/DiskArbitration.framework/Versions/A/DiskArbitration
0x0000000008721000 	/usr/lib/liblangid.dylib
0x0000000008721000 	/System/Library/PrivateFrameworks/MultitouchSupport.framework/Versions/A/MultitouchSupport
0x0000000008721000 	/System/Library/Frameworks/IOKit.framework/Versions/A/IOKit
0x0000000008721000 	/usr/lib/libDiagnosticMessagesClient.dylib
0x0000000008721000 	/System/Library/Frameworks/CoreServices.framework/Versions/A/CoreServices
0x0000000008721000 	/System/Library/PrivateFrameworks/PerformanceAnalysis.framework/Versions/A/PerformanceAnalysis
0x0000000008721000 	/System/Library/PrivateFrameworks/GenerationalStorage.framework/Versions/A/GenerationalStorage
0x0000000008721000 	/System/Library/Frameworks/OpenGL.framework/Versions/A/OpenGL
0x0000000008721000 	/System/Library/PrivateFrameworks/Sharing.framework/Versions/A/Sharing
0x0000000008721000 	/System/Library/Frameworks/ImageIO.framework/Versions/A/ImageIO
0x0000000008721000 	/System/Library/Frameworks/CoreText.framework/Versions/A/CoreText
0x0000000008721000 	/System/Library/Frameworks/CoreGraphics.framework/Versions/A/CoreGraphics
0x0000000008721000 	/System/Library/PrivateFrameworks/Backup.framework/Versions/A/Backup
0x0000000008721000 	/System/Library/Frameworks/CFNetwork.framework/Versions/A/CFNetwork
0x0000000008721000 	/System/Library/Frameworks/SystemConfiguration.framework/Versions/A/SystemConfiguration
0x0000000008721000 	/usr/lib/libCRFSuite.dylib
0x0000000008721000 	/usr/lib/libc++.1.dylib
0x0000000008721000 	/usr/lib/libc++abi.dylib
0x0000000008721000 	/usr/lib/system/libcache.dylib
0x0000000008721000 	/usr/lib/system/libcommonCrypto.dylib
0x0000000008721000 	/usr/lib/system/libcompiler_rt.dylib
0x0000000008721000 	/usr/lib/system/libcopyfile.dylib
0x0000000008721000 	/usr/lib/system/libcorecrypto.dylib
0x0000000008721000 	/usr/lib/system/libdispatch.dylib
0x0000000008721000 	/usr/lib/system/libdyld.dylib
0x0000000008721000 	/usr/lib/system/libkeymgr.dylib
0x0000000008721000 	/usr/lib/system/liblaunch.dylib
0x0000000008721000 	/usr/lib/system/libmacho.dylib
0x0000000008721000 	/usr/lib/system/libquarantine.dylib
0x0000000008721000 	/usr/lib/system/libremovefile.dylib
0x0000000008721000 	/usr/lib/system/libsystem_asl.dylib
0x0000000008721000 	/usr/lib/system/libsystem_blocks.dylib
0x0000000008721000 	/usr/lib/system/libsystem_c.dylib
0x0000000008721000 	/usr/lib/system/libsystem_configuration.dylib
0x0000000008721000 	/usr/lib/system/libsystem_dnssd.dylib
0x0000000008721000 	/usr/lib/system/libsystem_info.dylib
0x0000000008721000 	/usr/lib/system/libsystem_kernel.dylib
0x0000000008721000 	/usr/lib/system/libsystem_m.dylib
0x0000000008721000 	/usr/lib/system/libsystem_malloc.dylib
0x0000000008721000 	/usr/lib/system/libsystem_network.dylib
0x0000000008721000 	/usr/lib/system/libsystem_notify.dylib
0x0000000008721000 	/usr/lib/system/libsystem_platform.dylib
0x0000000008721000 	/usr/lib/system/libsystem_pthread.dylib
0x0000000008721000 	/usr/lib/system/libsystem_sandbox.dylib
0x0000000008721000 	/usr/lib/system/libsystem_stats.dylib
0x0000000008721000 	/usr/lib/system/libunc.dylib
0x0000000008721000 	/usr/lib/system/libunwind.dylib
0x0000000008721000 	/usr/lib/system/libxpc.dylib
0x0000000008721000 	/usr/lib/libbsm.0.dylib
0x0000000008721000 	/usr/lib/libsqlite3.dylib
0x0000000008721000 	/usr/lib/libxar.1.dylib
0x0000000008721000 	/usr/lib/libpam.2.dylib
0x0000000008721000 	/usr/lib/libOpenScriptingUtil.dylib
0x0000000008721000 	/usr/lib/libbz2.1.0.dylib
0x0000000008721000 	/System/Library/Frameworks/CoreServices.framework/Versions/A/Frameworks/CarbonCore.framework/Versions/A/CarbonCore
0x0000000008721000 	/System/Library/Frameworks/CoreServices.framework/Versions/A/Frameworks/Metadata.framework/Versions/A/Metadata
0x0000000008721000 	/System/Library/Frameworks/CoreServices.framework/Versions/A/Frameworks/OSServices.framework/Versions/A/OSServices
0x0000000008721000 	/System/Library/Frameworks/CoreServices.framework/Versions/A/Frameworks/SearchKit.framework/Versions/A/SearchKit
0x0000000008721000 	/System/Library/Frameworks/CoreServices.framework/Versions/A/Frameworks/AE.framework/Versions/A/AE
0x0000000008721000 	/System/Library/Frameworks/CoreServices.framework/Versions/A/Frameworks/LaunchServices.framework/Versions/A/LaunchServices
0x0000000008721000 	/System/Library/Frameworks/CoreServices.framework/Versions/A/Frameworks/DictionaryServices.framework/Versions/A/DictionaryServices
0x0000000008721000 	/System/Library/Frameworks/NetFS.framework/Versions/A/NetFS
0x0000000008721000 	/usr/lib/system/libkxld.dylib
0x0000000008721000 	/System/Library/PrivateFrameworks/NetAuth.framework/Versions/A/NetAuth
0x0000000008721000 	/System/Library/PrivateFrameworks/TCC.framework/Versions/A/TCC
0x0000000008721000 	/System/Library/Frameworks/OpenDirectory.framework/Versions/A/Frameworks/CFOpenDirectory.framework/Versions/A/CFOpenDirectory
0x0000000008721000 	/System/Library/Frameworks/ServiceManagement.framework/Versions/A/ServiceManagement
0x0000000008721000 	/usr/lib/libxslt.1.dylib
0x0000000008721000 	/System/Library/Frameworks/Carbon.framework/Versions/A/Frameworks/Ink.framework/Versions/A/Ink
0x0000000008721000 	/System/Library/Frameworks/ApplicationServices.framework/Versions/A/Frameworks/ATS.framework/Versions/A/ATS
0x0000000008721000 	/System/Library/Frameworks/ApplicationServices.framework/Versions/A/Frameworks/ColorSync.framework/Versions/A/ColorSync
0x0000000008721000 	/System/Library/Frameworks/ApplicationServices.framework/Versions/A/Frameworks/HIServices.framework/Versions/A/HIServices
0x0000000008721000 	/System/Library/Frameworks/ApplicationServices.framework/Versions/A/Frameworks/LangAnalysis.framework/Versions/A/LangAnalysis
0x0000000008721000 	/System/Library/Frameworks/ApplicationServices.framework/Versions/A/Frameworks/PrintCore.framework/Versions/A/PrintCore
0x0000000008721000 	/System/Library/Frameworks/ApplicationServices.framework/Versions/A/Frameworks/QD.framework/Versions/A/QD
0x0000000008721000 	/System/Library/Frameworks/ApplicationServices.framework/Versions/A/Frameworks/SpeechSynthesis.framework/Versions/A/SpeechSynthesis
0x0000000008721000 	/System/Library/Frameworks/IOSurface.framework/Versions/A/IOSurface
0x0000000008721000 	/System/Library/Frameworks/Accelerate.framework/Versions/A/Accelerate
0x0000000008721000 	/System/Library/Frameworks/Accelerate.framework/Versions/A/Frameworks/vImage.framework/Versions/A/vImage
0x0000000008721000 	/System/Library/Frameworks/Accelerate.framework/Versions/A/Frameworks/vecLib.framework/Versions/A/vecLib
0x0000000008721000 	/System/Library/Frameworks/Accelerate.framework/Versions/A/Frameworks/vecLib.framework/Versions/A/libvDSP.dylib
0x0000000008721000 	/System/Library/Frameworks/Accelerate.framework/Versions/A/Frameworks/vecLib.framework/Versions/A/libvMisc.dylib
0x0000000008721000 	/System/Library/Frameworks/Accelerate.framework/Versions/A/Frameworks/vecLib.framework/Versions/A/libLAPACK.dylib
0x0000000008721000 	/System/Library/Frameworks/Accelerate.framework/Versions/A/Frameworks/vecLib.framework/Versions/A/libBLAS.dylib
0x0000000008721000 	/System/Library/Frameworks/ApplicationServices.framework/Versions/A/Frameworks/ATS.framework/Versions/A/Resources/libFontParser.dylib
0x0000000008721000 	/System/Library/Frameworks/ApplicationServices.framework/Versions/A/Frameworks/ATS.framework/Versions/A/Resources/libFontRegistry.dylib
0x0000000008721000 	/System/Library/Frameworks/ImageIO.framework/Versions/A/Resources/libJPEG.dylib
0x0000000008721000 	/System/Library/Frameworks/ImageIO.framework/Versions/A/Resources/libTIFF.dylib
0x0000000008721000 	/System/Library/Frameworks/ImageIO.framework/Versions/A/Resources/libPng.dylib
0x0000000008721000 	/System/Library/Frameworks/ImageIO.framework/Versions/A/Resources/libGIF.dylib
0x0000000008721000 	/System/Library/Frameworks/ImageIO.framework/Versions/A/Resources/libJP2.dylib
0x0000000008721000 	/System/Library/Frameworks/ImageIO.framework/Versions/A/Resources/libRadiance.dylib
0x0000000008721000 	/usr/lib/libcups.2.dylib
0x0000000008721000 	/System/Library/Frameworks/Kerberos.framework/Versions/A/Kerberos
0x0000000008721000 	/System/Library/Frameworks/GSS.framework/Versions/A/GSS
0x0000000008721000 	/usr/lib/libresolv.9.dylib
0x0000000008721000 	/usr/lib/libiconv.2.dylib
0x0000000008721000 	/System/Library/PrivateFrameworks/Heimdal.framework/Versions/A/Heimdal
0x0000000008721000 	/System/Library/PrivateFrameworks/TrustEvaluationAgent.framework/Versions/A/TrustEvaluationAgent
0x0000000008721000 	/usr/lib/libheimdal-asn1.dylib
0x0000000008721000 	/System/Library/Frameworks/OpenDirectory.framework/Versions/A/OpenDirectory
0x0000000008721000 	/System/Library/PrivateFrameworks/CommonAuth.framework/Versions/A/CommonAuth
0x0000000008721000 	/System/Library/Frameworks/SecurityFoundation.framework/Versions/A/SecurityFoundation
0x0000000008721000 	/System/Library/PrivateFrameworks/Bom.framework/Versions/A/Bom
0x0000000008721000 	/System/Library/Frameworks/CoreVideo.framework/Versions/A/CoreVideo
0x0000000008721000 	/System/Library/Frameworks/QuartzCore.framework/Versions/A/Frameworks/CoreImage.framework/Versions/A/CoreImage
0x0000000008721000 	/System/Library/Frameworks/QuartzCore.framework/Versions/A/Frameworks/ScalableUserInterface.framework/Versions/A/ScalableUserInterface
0x0000000008721000 	/System/Library/Frameworks/OpenGL.framework/Versions/A/Libraries/libGLU.dylib
0x0000000008721000 	/System/Library/Frameworks/OpenGL.framework/Versions/A/Libraries/libGFXShared.dylib
0x0000000008721000 	/System/Library/Frameworks/OpenGL.framework/Versions/A/Libraries/libGL.dylib
0x0000000008721000 	/System/Library/Frameworks/OpenGL.framework/Versions/A/Libraries/libGLImage.dylib
0x0000000008721000 	/System/Library/Frameworks/OpenGL.framework/Versions/A/Libraries/libCVMSPluginSupport.dylib
0x0000000008721000 	/System/Library/Frameworks/OpenGL.framework/Versions/A/Libraries/libCoreVMClient.dylib
0x0000000008721000 	/System/Library/PrivateFrameworks/FaceCore.framework/Versions/A/FaceCore
0x0000000008721000 	/System/Library/PrivateFrameworks/CrashReporterSupport.framework/Versions/A/CrashReporterSupport
0x0000000008721000 	/System/Library/Frameworks/OpenCL.framework/Versions/A/OpenCL
0x0000000008721000 	/System/Library/PrivateFrameworks/AppleFSCompression.framework/Versions/A/AppleFSCompression
0x0000000008721000 	/System/Library/PrivateFrameworks/Ubiquity.framework/Versions/A/Ubiquity
0x0000000008721000 	/System/Library/PrivateFrameworks/IconServices.framework/Versions/A/IconServices
0x0000000008721000 	/System/Library/PrivateFrameworks/ChunkingLibrary.framework/Versions/A/ChunkingLibrary
0x0000000008721000 	/System/Library/PrivateFrameworks/CoreSymbolication.framework/Versions/A/CoreSymbolication
0x0000000008721000 	/System/Library/PrivateFrameworks/Symbolication.framework/Versions/A/Symbolication
0x0000000008721000 	/System/Library/PrivateFrameworks/DebugSymbols.framework/Versions/A/DebugSymbols
0x000000010c600000 	/Library/Java/JavaVirtualMachines/jdk1.7.0_51.jdk/Contents/Home/jre/lib/server/libjvm.dylib
0x0000000008721000 	/usr/lib/libstdc++.6.dylib
0x000000010b590000 	/Library/Java/JavaVirtualMachines/jdk1.7.0_51.jdk/Contents/Home/jre/lib/libverify.dylib
0x000000010b59d000 	/Library/Java/JavaVirtualMachines/jdk1.7.0_51.jdk/Contents/Home/jre/lib/libjava.dylib
0x000000010b5d7000 	/Library/Java/JavaVirtualMachines/jdk1.7.0_51.jdk/Contents/Home/jre/lib/libzip.dylib
0x00000001153cc000 	/System/Library/Frameworks/JavaVM.framework/Frameworks/JavaRuntimeSupport.framework/JavaRuntimeSupport
0x00000001153e4000 	/System/Library/Frameworks/JavaVM.framework/Versions/A/Frameworks/JavaNativeFoundation.framework/Versions/A/JavaNativeFoundation
0x00000001153f9000 	/System/Library/Frameworks/JavaVM.framework/Versions/A/JavaVM
0x0000000008721000 	/System/Library/Frameworks/Carbon.framework/Versions/A/Carbon
0x0000000115406000 	/System/Library/PrivateFrameworks/JavaLaunching.framework/Versions/A/JavaLaunching
0x0000000008721000 	/System/Library/Frameworks/Carbon.framework/Versions/A/Frameworks/CommonPanels.framework/Versions/A/CommonPanels
0x0000000008721000 	/System/Library/Frameworks/Carbon.framework/Versions/A/Frameworks/Help.framework/Versions/A/Help
0x0000000008721000 	/System/Library/Frameworks/Carbon.framework/Versions/A/Frameworks/ImageCapture.framework/Versions/A/ImageCapture
0x0000000008721000 	/System/Library/Frameworks/Carbon.framework/Versions/A/Frameworks/OpenScripting.framework/Versions/A/OpenScripting
0x0000000008721000 	/System/Library/Frameworks/Carbon.framework/Versions/A/Frameworks/Print.framework/Versions/A/Print
0x0000000008721000 	/System/Library/Frameworks/Carbon.framework/Versions/A/Frameworks/SecurityHI.framework/Versions/A/SecurityHI

VM Arguments:
jvm_args: -Dfile.encoding=US-ASCII 
java_command: project5.Project5
Launcher Type: SUN_STANDARD

Environment Variables:
PATH=/usr/bin:/bin:/usr/sbin:/sbin
SHELL=/bin/bash

Signal Handlers:
SIGSEGV: [libjvm.dylib+0x525425], sa_mask[0]=0xfffefeff, sa_flags=0x00000043
SIGBUS: [libjvm.dylib+0x525425], sa_mask[0]=0xfffefeff, sa_flags=0x00000042
SIGFPE: [libjvm.dylib+0x41892a], sa_mask[0]=0xfffefeff, sa_flags=0x00000042
SIGPIPE: [libjvm.dylib+0x41892a], sa_mask[0]=0xfffefeff, sa_flags=0x00000042
SIGXFSZ: [libjvm.dylib+0x41892a], sa_mask[0]=0xfffefeff, sa_flags=0x00000042
SIGILL: [libjvm.dylib+0x41892a], sa_mask[0]=0xfffefeff, sa_flags=0x00000042
SIGUSR1: SIG_DFL, sa_mask[0]=0x00000000, sa_flags=0x00000002
SIGUSR2: [libjvm.dylib+0x41841c], sa_mask[0]=0x00000004, sa_flags=0x00000042
SIGHUP: [libjvm.dylib+0x4166ab], sa_mask[0]=0xfffefeff, sa_flags=0x00000042
SIGINT: [libjvm.dylib+0x4166ab], sa_mask[0]=0xfffefeff, sa_flags=0x00000042
SIGTERM: [libjvm.dylib+0x4166ab], sa_mask[0]=0xfffefeff, sa_flags=0x00000042
SIGQUIT: [libjvm.dylib+0x4166ab], sa_mask[0]=0xfffefeff, sa_flags=0x00000042


---------------  S Y S T E M  ---------------

OS:Bsduname:Darwin 13.1.0 Darwin Kernel Version 13.1.0: Wed Apr  2 23:52:02 PDT 2014; root:xnu-2422.92.1~2/RELEASE_X86_64 x86_64
rlimit: STACK 8192k, CORE 0k, NPROC 709, NOFILE 10240, AS infinity
load average:5.06 4.70 3.47

CPU:total 8 (4 cores per cpu, 2 threads per core) family 6 model 42 stepping 7, cmov, cx8, fxsr, mmx, sse, sse2, sse3, ssse3, sse4.1, sse4.2, popcnt, avx, aes, ht, tsc, tscinvbit

Memory: 4k page, physical 4194304k(1048576k free)

/proc/meminfo:


vm_info: Java HotSpot(TM) 64-Bit Server VM (24.51-b03) for bsd-amd64 JRE (1.7.0_51-b13), built on Dec 18 2013 18:45:56 by "java_re" with gcc 4.2.1 (Based on Apple Inc. build 5658) (LLVM build 2336.11.00)

time: Tue May 13 20:40:50 2014
elapsed time: 711 seconds

