#
# A fatal error has been detected by the Java Runtime Environment:
#
#  Internal Error (safepoint.cpp:318), pid=4584, tid=13571
#  guarantee(PageArmed == 0) failed: invariant
#
# JRE version: Java(TM) SE Runtime Environment (7.0_51-b13) (build 1.7.0_51-b13)
# Java VM: Java HotSpot(TM) 64-Bit Server VM (24.51-b03 mixed mode bsd-amd64 compressed oops)
# Failed to write core dump. Core dumps have been disabled. To enable core dumping, try "ulimit -c unlimited" before starting Java again
#
# If you would like to submit a bug report, please visit:
#   http://bugreport.sun.com/bugreport/crash.jsp
#

---------------  T H R E A D  ---------------

Current thread (0x00007f806b03e800):  VMThread [stack: 0x000000015029e000,0x000000015039e000] [id=13571]

Stack: [0x000000015029e000,0x000000015039e000],  sp=0x000000015039d990,  free space=1022k
Native frames: (J=compiled Java code, j=interpreted, Vv=VM code, C=native code)
V  [libjvm.dylib+0x524ef9]  VMError::report_and_die()+0x5d5
V  [libjvm.dylib+0x1ec18d]  report_vm_error(char const*, int, char const*, char const*)+0x54
V  [libjvm.dylib+0x46e05a]  SafepointSynchronize::begin()+0x2b2
V  [libjvm.dylib+0x52aa1d]  VMThread::loop()+0x319
V  [libjvm.dylib+0x52a36b]  VMThread::run()+0x79
V  [libjvm.dylib+0x41b1d6]  java_start(Thread*)+0x126
C  [libsystem_pthread.dylib+0x1899]  _pthread_body+0x8a
C  [libsystem_pthread.dylib+0x172a]  _pthread_struct_init+0x0
C  [libsystem_pthread.dylib+0x5fc9]  thread_start+0xd

VM_Operation (0x0000000150e417d8): ParallelGCFailedAllocation, mode: safepoint, requested by thread 0x00007f806b800800


---------------  P R O C E S S  ---------------

Java Threads: ( => current thread )
  0x00007f806c004000 JavaThread "Thread-2" [_thread_in_Java, id=23299, stack(0x0000000150e45000,0x0000000150f45000)]
  0x00007f806b800800 JavaThread "Thread-1" [_thread_blocked, id=22787, stack(0x0000000150d42000,0x0000000150e42000)]
  0x00007f806b0ba800 JavaThread "Thread-0" [_thread_blocked, id=22275, stack(0x0000000150c3f000,0x0000000150d3f000)]
  0x00007f806880f000 JavaThread "Service Thread" daemon [_thread_blocked, id=21251, stack(0x00000001509ef000,0x0000000150aef000)]
  0x00007f8069810800 JavaThread "C2 CompilerThread1" daemon [_thread_blocked, id=20739, stack(0x00000001508ec000,0x00000001509ec000)]
  0x00007f806a00b000 JavaThread "C2 CompilerThread0" daemon [_thread_blocked, id=20227, stack(0x00000001507e9000,0x00000001508e9000)]
  0x00007f806a007000 JavaThread "Signal Dispatcher" daemon [_thread_blocked, id=19715, stack(0x00000001506e6000,0x00000001507e6000)]
  0x00007f806a004000 JavaThread "Finalizer" daemon [_thread_blocked, id=14595, stack(0x00000001504a4000,0x00000001505a4000)]
  0x00007f806a001800 JavaThread "Reference Handler" daemon [_thread_blocked, id=14083, stack(0x00000001503a1000,0x00000001504a1000)]
  0x00007f8069801000 JavaThread "main" [_thread_blocked, id=6403, stack(0x0000000102e54000,0x0000000102f54000)]

Other Threads:
=>0x00007f806b03e800 VMThread [stack: 0x000000015029e000,0x000000015039e000] [id=13571]
  0x00007f806881f000 WatcherThread [stack: 0x0000000150af2000,0x0000000150bf2000] [id=21763]

VM state:synchronizing (normal execution)

VM Mutex/Monitor currently owned by a thread:  ([mutex/lock_event])
[0x00007f8068410520] Safepoint_lock - owner thread: 0x00007f806b03e800
[0x00007f80684105a0] Threads_lock - owner thread: 0x00007f806b03e800
[0x00007f8068410aa0] Heap_lock - owner thread: 0x00007f806b800800

Heap
 PSYoungGen      total 43008K, used 43008K [0x0000000135d80000, 0x0000000138b80000, 0x000000014b300000)
  eden space 40448K, 100% used [0x0000000135d80000,0x0000000138500000,0x0000000138500000)
  from space 2560K, 100% used [0x0000000138780000,0x0000000138a00000,0x0000000138a00000)
  to   space 2560K, 0% used [0x0000000138500000,0x0000000138500000,0x0000000138780000)
 ParOldGen       total 137216K, used 82412K [0x000000010b300000, 0x0000000113900000, 0x0000000135d80000)
  object space 137216K, 60% used [0x000000010b300000,0x000000011037b040,0x0000000113900000)
 PSPermGen       total 21504K, used 2799K [0x0000000106100000, 0x0000000107600000, 0x000000010b300000)
  object space 21504K, 13% used [0x0000000106100000,0x00000001063bbd78,0x0000000107600000)

Card table byte_map: [0x000000014b300000,0x000000014b52a000] byte_map_base: 0x000000014aacf800

Polling page: 0x00000001013ed000

Code Cache  [0x0000000102f86000, 0x00000001031f6000, 0x0000000105f86000)
 total_blobs=223 nmethods=35 adapters=143 free_code_cache=48728Kb largest_free_block=49869312

Compilation events (10 events):
Event: 3.645 Thread 0x00007f806a00b000   31             java.lang.Integer::intValue (5 bytes)
Event: 3.645 Thread 0x00007f8069810800   32             java.util.LinkedList::get (14 bytes)
Event: 3.645 Thread 0x00007f806a00b000 nmethod 31 0x0000000102fec950 code [0x0000000102feca80, 0x0000000102fecad8]
Event: 3.645 Thread 0x00007f806a00b000   33             java.util.LinkedList::checkElementIndex (22 bytes)
Event: 3.645 Thread 0x00007f806a00b000 nmethod 33 0x0000000102ff1550 code [0x0000000102ff1680, 0x0000000102ff16f8]
Event: 3.645 Thread 0x00007f806a00b000   34             java.util.LinkedList::isElementIndex (18 bytes)
Event: 3.646 Thread 0x00007f806a00b000 nmethod 34 0x0000000102ff3390 code [0x0000000102ff34c0, 0x0000000102ff3538]
Event: 3.648 Thread 0x00007f8069810800 nmethod 32 0x0000000102fe9590 code [0x0000000102fe96e0, 0x0000000102fe98b8]
Event: 3.675 Thread 0x00007f806a00b000   35 % !         project5.Receiver::run @ 137 (259 bytes)
Event: 3.682 Thread 0x00007f806a00b000 nmethod 35% 0x0000000102fe8b90 code [0x0000000102fe8d20, 0x0000000102fe9138]

GC Heap History (10 events):
Event: 1.063 GC heap before
{Heap before GC invocations=2 (full 0):
 PSYoungGen      total 19456K, used 19440K [0x0000000135d80000, 0x0000000138380000, 0x000000014b300000)
  eden space 16896K, 100% used [0x0000000135d80000,0x0000000136e00000,0x0000000136e00000)
  from space 2560K, 99% used [0x0000000136e00000,0x000000013707c010,0x0000000137080000)
  to   space 2560K, 0% used [0x0000000138100000,0x0000000138100000,0x0000000138380000)
 ParOldGen       total 43520K, used 13392K [0x000000010b300000, 0x000000010dd80000, 0x0000000135d80000)
  object space 43520K, 30% used [0x000000010b300000,0x000000010c014000,0x000000010dd80000)
 PSPermGen       total 21504K, used 2796K [0x0000000106100000, 0x0000000107600000, 0x000000010b300000)
  object space 21504K, 13% used [0x0000000106100000,0x00000001063bb0b8,0x0000000107600000)
Event: 1.153 GC heap after
Heap after GC invocations=2 (full 0):
 PSYoungGen      total 36352K, used 2528K [0x0000000135d80000, 0x0000000138380000, 0x000000014b300000)
  eden space 33792K, 0% used [0x0000000135d80000,0x0000000135d80000,0x0000000137e80000)
  from space 2560K, 98% used [0x0000000138100000,0x0000000138378020,0x0000000138380000)
  to   space 2560K, 0% used [0x0000000137e80000,0x0000000137e80000,0x0000000138100000)
 ParOldGen       total 43520K, used 29696K [0x000000010b300000, 0x000000010dd80000, 0x0000000135d80000)
  object space 43520K, 68% used [0x000000010b300000,0x000000010d000000,0x000000010dd80000)
 PSPermGen       total 21504K, used 2796K [0x0000000106100000, 0x0000000107600000, 0x000000010b300000)
  object space 21504K, 13% used [0x0000000106100000,0x00000001063bb0b8,0x0000000107600000)
}
Event: 1.153 GC heap before
{Heap before GC invocations=3 (full 1):
 PSYoungGen      total 36352K, used 2528K [0x0000000135d80000, 0x0000000138380000, 0x000000014b300000)
  eden space 33792K, 0% used [0x0000000135d80000,0x0000000135d80000,0x0000000137e80000)
  from space 2560K, 98% used [0x0000000138100000,0x0000000138378020,0x0000000138380000)
  to   space 2560K, 0% used [0x0000000137e80000,0x0000000137e80000,0x0000000138100000)
 ParOldGen       total 43520K, used 29696K [0x000000010b300000, 0x000000010dd80000, 0x0000000135d80000)
  object space 43520K, 68% used [0x000000010b300000,0x000000010d000000,0x000000010dd80000)
 PSPermGen       total 21504K, used 2796K [0x0000000106100000, 0x0000000107600000, 0x000000010b300000)
  object space 21504K, 13% used [0x0000000106100000,0x00000001063bb0b8,0x0000000107600000)
Event: 2.404 GC heap after
Heap after GC invocations=3 (full 1):
 PSYoungGen      total 36352K, used 0K [0x0000000135d80000, 0x0000000138380000, 0x000000014b300000)
  eden space 33792K, 0% used [0x0000000135d80000,0x0000000135d80000,0x0000000137e80000)
  from space 2560K, 0% used [0x0000000138100000,0x0000000138100000,0x0000000138380000)
  to   space 2560K, 0% used [0x0000000137e80000,0x0000000137e80000,0x0000000138100000)
 ParOldGen       total 79360K, used 32051K [0x000000010b300000, 0x0000000110080000, 0x0000000135d80000)
  object space 79360K, 40% used [0x000000010b300000,0x000000010d24cfb8,0x0000000110080000)
 PSPermGen       total 21504K, used 2795K [0x0000000106100000, 0x0000000107600000, 0x000000010b300000)
  object space 21504K, 12% used [0x0000000106100000,0x00000001063bace8,0x0000000107600000)
}
Event: 2.911 GC heap before
{Heap before GC invocations=4 (full 1):
 PSYoungGen      total 36352K, used 33792K [0x0000000135d80000, 0x0000000138380000, 0x000000014b300000)
  eden space 33792K, 100% used [0x0000000135d80000,0x0000000137e80000,0x0000000137e80000)
  from space 2560K, 0% used [0x0000000138100000,0x0000000138100000,0x0000000138380000)
  to   space 2560K, 0% used [0x0000000137e80000,0x0000000137e80000,0x0000000138100000)
 ParOldGen       total 79360K, used 32051K [0x000000010b300000, 0x0000000110080000, 0x0000000135d80000)
  object space 79360K, 40% used [0x000000010b300000,0x000000010d24cfb8,0x0000000110080000)
 PSPermGen       total 21504K, used 2798K [0x0000000106100000, 0x0000000107600000, 0x000000010b300000)
  object space 21504K, 13% used [0x0000000106100000,0x00000001063bb898,0x0000000107600000)
Event: 3.007 GC heap after
Heap after GC invocations=4 (full 1):
 PSYoungGen      total 36352K, used 2560K [0x0000000135d80000, 0x0000000138a00000, 0x000000014b300000)
  eden space 33792K, 0% used [0x0000000135d80000,0x0000000135d80000,0x0000000137e80000)
  from space 2560K, 100% used [0x0000000137e80000,0x0000000138100000,0x0000000138100000)
  to   space 2560K, 0% used [0x0000000138780000,0x0000000138780000,0x0000000138a00000)
 ParOldGen       total 79360K, used 62667K [0x000000010b300000, 0x0000000110080000, 0x0000000135d80000)
  object space 79360K, 78% used [0x000000010b300000,0x000000010f032fb8,0x0000000110080000)
 PSPermGen       total 21504K, used 2798K [0x0000000106100000, 0x0000000107600000, 0x000000010b300000)
  object space 21504K, 13% used [0x0000000106100000,0x00000001063bb898,0x0000000107600000)
}
Event: 3.007 GC heap before
{Heap before GC invocations=5 (full 2):
 PSYoungGen      total 36352K, used 2560K [0x0000000135d80000, 0x0000000138a00000, 0x000000014b300000)
  eden space 33792K, 0% used [0x0000000135d80000,0x0000000135d80000,0x0000000137e80000)
  from space 2560K, 100% used [0x0000000137e80000,0x0000000138100000,0x0000000138100000)
  to   space 2560K, 0% used [0x0000000138780000,0x0000000138780000,0x0000000138a00000)
 ParOldGen       total 79360K, used 62667K [0x000000010b300000, 0x0000000110080000, 0x0000000135d80000)
  object space 79360K, 78% used [0x000000010b300000,0x000000010f032fb8,0x0000000110080000)
 PSPermGen       total 21504K, used 2798K [0x0000000106100000, 0x0000000107600000, 0x000000010b300000)
  object space 21504K, 13% used [0x0000000106100000,0x00000001063bb898,0x0000000107600000)
Event: 3.303 GC heap after
Heap after GC invocations=5 (full 2):
 PSYoungGen      total 36352K, used 0K [0x0000000135d80000, 0x0000000138a00000, 0x000000014b300000)
  eden space 33792K, 0% used [0x0000000135d80000,0x0000000135d80000,0x0000000137e80000)
  from space 2560K, 0% used [0x0000000137e80000,0x0000000137e80000,0x0000000138100000)
  to   space 2560K, 0% used [0x0000000138780000,0x0000000138780000,0x0000000138a00000)
 ParOldGen       total 137216K, used 51132K [0x000000010b300000, 0x0000000113900000, 0x0000000135d80000)
  object space 137216K, 37% used [0x000000010b300000,0x000000010e4ef030,0x0000000113900000)
 PSPermGen       total 21504K, used 2798K [0x0000000106100000, 0x0000000107600000, 0x000000010b300000)
  object space 21504K, 13% used [0x0000000106100000,0x00000001063bb898,0x0000000107600000)
}
Event: 3.488 GC heap before
{Heap before GC invocations=6 (full 2):
 PSYoungGen      total 36352K, used 33792K [0x0000000135d80000, 0x0000000138a00000, 0x000000014b300000)
  eden space 33792K, 100% used [0x0000000135d80000,0x0000000137e80000,0x0000000137e80000)
  from space 2560K, 0% used [0x0000000137e80000,0x0000000137e80000,0x0000000138100000)
  to   space 2560K, 0% used [0x0000000138780000,0x0000000138780000,0x0000000138a00000)
 ParOldGen       total 137216K, used 51132K [0x000000010b300000, 0x0000000113900000, 0x0000000135d80000)
  object space 137216K, 37% used [0x000000010b300000,0x000000010e4ef030,0x0000000113900000)
 PSPermGen       total 21504K, used 2799K [0x0000000106100000, 0x0000000107600000, 0x000000010b300000)
  object space 21504K, 13% used [0x0000000106100000,0x00000001063bbd78,0x0000000107600000)
Event: 3.584 GC heap after
Heap after GC invocations=6 (full 2):
 PSYoungGen      total 43008K, used 2560K [0x0000000135d80000, 0x0000000138b80000, 0x000000014b300000)
  eden space 40448K, 0% used [0x0000000135d80000,0x0000000135d80000,0x0000000138500000)
  from space 2560K, 100% used [0x0000000138780000,0x0000000138a00000,0x0000000138a00000)
  to   space 2560K, 0% used [0x0000000138500000,0x0000000138500000,0x0000000138780000)
 ParOldGen       total 137216K, used 82412K [0x000000010b300000, 0x0000000113900000, 0x0000000135d80000)
  object space 137216K, 60% used [0x000000010b300000,0x000000011037b040,0x0000000113900000)
 PSPermGen       total 21504K, used 2799K [0x0000000106100000, 0x0000000107600000, 0x000000010b300000)
  object space 21504K, 13% used [0x0000000106100000,0x00000001063bbd78,0x0000000107600000)
}

Deoptimization events (2 events):
Event: 2.614 Thread 0x00007f806c004000 Uncommon trap: reason=unreached action=reinterpret pc=0x0000000102fe6fac method=java.util.LinkedList.linkLast(Ljava/lang/Object;)V @ 22
Event: 3.434 Thread 0x00007f806c004000 Uncommon trap: reason=unreached action=reinterpret pc=0x0000000102fecf8c method=project5.Receiver.run()V @ 176

Internal exceptions (10 events):
Event: 0.145 Thread 0x00007f8069801000 Threw 0x0000000135e13998 at /HUDSON/workspace/7u-2-build-macosx-x86_64/jdk7u51/527/hotspot/src/share/vm/prims/jvm.cpp:1244
Event: 0.145 Thread 0x00007f8069801000 Threw 0x0000000135e13ac0 at /HUDSON/workspace/7u-2-build-macosx-x86_64/jdk7u51/527/hotspot/src/share/vm/prims/jvm.cpp:1244
Event: 0.147 Thread 0x00007f8069801000 Threw 0x0000000135e26570 at /HUDSON/workspace/7u-2-build-macosx-x86_64/jdk7u51/527/hotspot/src/share/vm/prims/jni.cpp:717
Event: 0.147 Thread 0x00007f8069801000 Threw 0x0000000135e26690 at /HUDSON/workspace/7u-2-build-macosx-x86_64/jdk7u51/527/hotspot/src/share/vm/prims/jvm.cpp:1244
Event: 0.147 Thread 0x00007f8069801000 Threw 0x0000000135e267b8 at /HUDSON/workspace/7u-2-build-macosx-x86_64/jdk7u51/527/hotspot/src/share/vm/prims/jvm.cpp:1244
Event: 0.147 Thread 0x00007f8069801000 Threw 0x0000000135e26a08 at /HUDSON/workspace/7u-2-build-macosx-x86_64/jdk7u51/527/hotspot/src/share/vm/prims/jvm.cpp:1244
Event: 0.171 Thread 0x00007f8069801000 Threw 0x0000000135e2f208 at /HUDSON/workspace/7u-2-build-macosx-x86_64/jdk7u51/527/hotspot/src/share/vm/prims/jvm.cpp:1244
Event: 0.204 Thread 0x00007f8069801000 Threw 0x0000000135e328d0 at /HUDSON/workspace/7u-2-build-macosx-x86_64/jdk7u51/527/hotspot/src/share/vm/prims/jvm.cpp:1244
Event: 0.224 Thread 0x00007f8069801000 Threw 0x0000000135e35868 at /HUDSON/workspace/7u-2-build-macosx-x86_64/jdk7u51/527/hotspot/src/share/vm/prims/jvm.cpp:1244
Event: 2.614 Thread 0x00007f806c004000 Implicit null exception at 0x0000000102fe6f56 to 0x0000000102fe6f92

Events (10 events):
Event: 2.614 Thread 0x00007f806c004000 DEOPT PACKING pc=0x0000000102fe6fac sp=0x0000000150f448a0
Event: 2.614 Thread 0x00007f806c004000 DEOPT UNPACKING pc=0x0000000102fbf045 sp=0x0000000150f44868 mode 2
Event: 2.911 Executing VM operation: ParallelGCFailedAllocation
Event: 3.303 Executing VM operation: ParallelGCFailedAllocation done
Event: 3.434 Thread 0x00007f806c004000 Uncommon trap: trap_request=0xffffffad fr.pc=0x0000000102fecf8c
Event: 3.434 Thread 0x00007f806c004000 DEOPT PACKING pc=0x0000000102fecf8c sp=0x0000000150f44990
Event: 3.434 Thread 0x00007f806c004000 DEOPT UNPACKING pc=0x0000000102fbf045 sp=0x0000000150f44938 mode 2
Event: 3.488 Executing VM operation: ParallelGCFailedAllocation
Event: 3.584 Executing VM operation: ParallelGCFailedAllocation done
Event: 3.716 Executing VM operation: ParallelGCFailedAllocation


Dynamic libraries:
0x0000000006ad2000 	/System/Library/Frameworks/Cocoa.framework/Versions/A/Cocoa
0x0000000006ad2000 	/System/Library/Frameworks/Security.framework/Versions/A/Security
0x0000000006ad2000 	/System/Library/Frameworks/ApplicationServices.framework/Versions/A/ApplicationServices
0x0000000006ad2000 	/usr/lib/libz.1.dylib
0x0000000006ad2000 	/usr/lib/libSystem.B.dylib
0x0000000006ad2000 	/usr/lib/libobjc.A.dylib
0x0000000006ad2000 	/System/Library/Frameworks/CoreFoundation.framework/Versions/A/CoreFoundation
0x0000000006ad2000 	/System/Library/Frameworks/Foundation.framework/Versions/C/Foundation
0x0000000006ad2000 	/System/Library/Frameworks/AppKit.framework/Versions/C/AppKit
0x0000000006ad2000 	/System/Library/Frameworks/CoreData.framework/Versions/A/CoreData
0x0000000006ad2000 	/System/Library/PrivateFrameworks/RemoteViewServices.framework/Versions/A/RemoteViewServices
0x0000000006ad2000 	/System/Library/Frameworks/AudioToolbox.framework/Versions/A/AudioToolbox
0x0000000006ad2000 	/System/Library/Frameworks/AudioUnit.framework/Versions/A/AudioUnit
0x0000000006ad2000 	/System/Library/PrivateFrameworks/DataDetectorsCore.framework/Versions/A/DataDetectorsCore
0x0000000006ad2000 	/System/Library/PrivateFrameworks/DesktopServicesPriv.framework/Versions/A/DesktopServicesPriv
0x0000000006ad2000 	/System/Library/Frameworks/Carbon.framework/Versions/A/Frameworks/HIToolbox.framework/Versions/A/HIToolbox
0x0000000006ad2000 	/System/Library/Frameworks/QuartzCore.framework/Versions/A/QuartzCore
0x0000000006ad2000 	/System/Library/Frameworks/Carbon.framework/Versions/A/Frameworks/SpeechRecognition.framework/Versions/A/SpeechRecognition
0x0000000006ad2000 	/usr/lib/libauto.dylib
0x0000000006ad2000 	/usr/lib/libicucore.A.dylib
0x0000000006ad2000 	/usr/lib/libxml2.2.dylib
0x0000000006ad2000 	/System/Library/PrivateFrameworks/CoreUI.framework/Versions/A/CoreUI
0x0000000006ad2000 	/System/Library/Frameworks/CoreAudio.framework/Versions/A/CoreAudio
0x0000000006ad2000 	/System/Library/Frameworks/DiskArbitration.framework/Versions/A/DiskArbitration
0x0000000006ad2000 	/usr/lib/liblangid.dylib
0x0000000006ad2000 	/System/Library/PrivateFrameworks/MultitouchSupport.framework/Versions/A/MultitouchSupport
0x0000000006ad2000 	/System/Library/Frameworks/IOKit.framework/Versions/A/IOKit
0x0000000006ad2000 	/usr/lib/libDiagnosticMessagesClient.dylib
0x0000000006ad2000 	/System/Library/Frameworks/CoreServices.framework/Versions/A/CoreServices
0x0000000006ad2000 	/System/Library/PrivateFrameworks/PerformanceAnalysis.framework/Versions/A/PerformanceAnalysis
0x0000000006ad2000 	/System/Library/PrivateFrameworks/GenerationalStorage.framework/Versions/A/GenerationalStorage
0x0000000006ad2000 	/System/Library/Frameworks/OpenGL.framework/Versions/A/OpenGL
0x0000000006ad2000 	/System/Library/PrivateFrameworks/Sharing.framework/Versions/A/Sharing
0x0000000006ad2000 	/System/Library/Frameworks/ImageIO.framework/Versions/A/ImageIO
0x0000000006ad2000 	/System/Library/Frameworks/CoreText.framework/Versions/A/CoreText
0x0000000006ad2000 	/System/Library/Frameworks/CoreGraphics.framework/Versions/A/CoreGraphics
0x0000000006ad2000 	/System/Library/PrivateFrameworks/Backup.framework/Versions/A/Backup
0x0000000006ad2000 	/System/Library/Frameworks/CFNetwork.framework/Versions/A/CFNetwork
0x0000000006ad2000 	/System/Library/Frameworks/SystemConfiguration.framework/Versions/A/SystemConfiguration
0x0000000006ad2000 	/usr/lib/libCRFSuite.dylib
0x0000000006ad2000 	/usr/lib/libc++.1.dylib
0x0000000006ad2000 	/usr/lib/libc++abi.dylib
0x0000000006ad2000 	/usr/lib/system/libcache.dylib
0x0000000006ad2000 	/usr/lib/system/libcommonCrypto.dylib
0x0000000006ad2000 	/usr/lib/system/libcompiler_rt.dylib
0x0000000006ad2000 	/usr/lib/system/libcopyfile.dylib
0x0000000006ad2000 	/usr/lib/system/libcorecrypto.dylib
0x0000000006ad2000 	/usr/lib/system/libdispatch.dylib
0x0000000006ad2000 	/usr/lib/system/libdyld.dylib
0x0000000006ad2000 	/usr/lib/system/libkeymgr.dylib
0x0000000006ad2000 	/usr/lib/system/liblaunch.dylib
0x0000000006ad2000 	/usr/lib/system/libmacho.dylib
0x0000000006ad2000 	/usr/lib/system/libquarantine.dylib
0x0000000006ad2000 	/usr/lib/system/libremovefile.dylib
0x0000000006ad2000 	/usr/lib/system/libsystem_asl.dylib
0x0000000006ad2000 	/usr/lib/system/libsystem_blocks.dylib
0x0000000006ad2000 	/usr/lib/system/libsystem_c.dylib
0x0000000006ad2000 	/usr/lib/system/libsystem_configuration.dylib
0x0000000006ad2000 	/usr/lib/system/libsystem_dnssd.dylib
0x0000000006ad2000 	/usr/lib/system/libsystem_info.dylib
0x0000000006ad2000 	/usr/lib/system/libsystem_kernel.dylib
0x0000000006ad2000 	/usr/lib/system/libsystem_m.dylib
0x0000000006ad2000 	/usr/lib/system/libsystem_malloc.dylib
0x0000000006ad2000 	/usr/lib/system/libsystem_network.dylib
0x0000000006ad2000 	/usr/lib/system/libsystem_notify.dylib
0x0000000006ad2000 	/usr/lib/system/libsystem_platform.dylib
0x0000000006ad2000 	/usr/lib/system/libsystem_pthread.dylib
0x0000000006ad2000 	/usr/lib/system/libsystem_sandbox.dylib
0x0000000006ad2000 	/usr/lib/system/libsystem_stats.dylib
0x0000000006ad2000 	/usr/lib/system/libunc.dylib
0x0000000006ad2000 	/usr/lib/system/libunwind.dylib
0x0000000006ad2000 	/usr/lib/system/libxpc.dylib
0x0000000006ad2000 	/usr/lib/libbsm.0.dylib
0x0000000006ad2000 	/usr/lib/libsqlite3.dylib
0x0000000006ad2000 	/usr/lib/libxar.1.dylib
0x0000000006ad2000 	/usr/lib/libpam.2.dylib
0x0000000006ad2000 	/usr/lib/libOpenScriptingUtil.dylib
0x0000000006ad2000 	/usr/lib/libbz2.1.0.dylib
0x0000000006ad2000 	/System/Library/Frameworks/CoreServices.framework/Versions/A/Frameworks/CarbonCore.framework/Versions/A/CarbonCore
0x0000000006ad2000 	/System/Library/Frameworks/CoreServices.framework/Versions/A/Frameworks/Metadata.framework/Versions/A/Metadata
0x0000000006ad2000 	/System/Library/Frameworks/CoreServices.framework/Versions/A/Frameworks/OSServices.framework/Versions/A/OSServices
0x0000000006ad2000 	/System/Library/Frameworks/CoreServices.framework/Versions/A/Frameworks/SearchKit.framework/Versions/A/SearchKit
0x0000000006ad2000 	/System/Library/Frameworks/CoreServices.framework/Versions/A/Frameworks/AE.framework/Versions/A/AE
0x0000000006ad2000 	/System/Library/Frameworks/CoreServices.framework/Versions/A/Frameworks/LaunchServices.framework/Versions/A/LaunchServices
0x0000000006ad2000 	/System/Library/Frameworks/CoreServices.framework/Versions/A/Frameworks/DictionaryServices.framework/Versions/A/DictionaryServices
0x0000000006ad2000 	/System/Library/Frameworks/NetFS.framework/Versions/A/NetFS
0x0000000006ad2000 	/usr/lib/system/libkxld.dylib
0x0000000006ad2000 	/System/Library/PrivateFrameworks/NetAuth.framework/Versions/A/NetAuth
0x0000000006ad2000 	/System/Library/PrivateFrameworks/TCC.framework/Versions/A/TCC
0x0000000006ad2000 	/System/Library/Frameworks/OpenDirectory.framework/Versions/A/Frameworks/CFOpenDirectory.framework/Versions/A/CFOpenDirectory
0x0000000006ad2000 	/System/Library/Frameworks/ServiceManagement.framework/Versions/A/ServiceManagement
0x0000000006ad2000 	/usr/lib/libxslt.1.dylib
0x0000000006ad2000 	/System/Library/Frameworks/Carbon.framework/Versions/A/Frameworks/Ink.framework/Versions/A/Ink
0x0000000006ad2000 	/System/Library/Frameworks/ApplicationServices.framework/Versions/A/Frameworks/ATS.framework/Versions/A/ATS
0x0000000006ad2000 	/System/Library/Frameworks/ApplicationServices.framework/Versions/A/Frameworks/ColorSync.framework/Versions/A/ColorSync
0x0000000006ad2000 	/System/Library/Frameworks/ApplicationServices.framework/Versions/A/Frameworks/HIServices.framework/Versions/A/HIServices
0x0000000006ad2000 	/System/Library/Frameworks/ApplicationServices.framework/Versions/A/Frameworks/LangAnalysis.framework/Versions/A/LangAnalysis
0x0000000006ad2000 	/System/Library/Frameworks/ApplicationServices.framework/Versions/A/Frameworks/PrintCore.framework/Versions/A/PrintCore
0x0000000006ad2000 	/System/Library/Frameworks/ApplicationServices.framework/Versions/A/Frameworks/QD.framework/Versions/A/QD
0x0000000006ad2000 	/System/Library/Frameworks/ApplicationServices.framework/Versions/A/Frameworks/SpeechSynthesis.framework/Versions/A/SpeechSynthesis
0x0000000006ad2000 	/System/Library/Frameworks/IOSurface.framework/Versions/A/IOSurface
0x0000000006ad2000 	/System/Library/Frameworks/Accelerate.framework/Versions/A/Accelerate
0x0000000006ad2000 	/System/Library/Frameworks/Accelerate.framework/Versions/A/Frameworks/vImage.framework/Versions/A/vImage
0x0000000006ad2000 	/System/Library/Frameworks/Accelerate.framework/Versions/A/Frameworks/vecLib.framework/Versions/A/vecLib
0x0000000006ad2000 	/System/Library/Frameworks/Accelerate.framework/Versions/A/Frameworks/vecLib.framework/Versions/A/libvDSP.dylib
0x0000000006ad2000 	/System/Library/Frameworks/Accelerate.framework/Versions/A/Frameworks/vecLib.framework/Versions/A/libvMisc.dylib
0x0000000006ad2000 	/System/Library/Frameworks/Accelerate.framework/Versions/A/Frameworks/vecLib.framework/Versions/A/libLAPACK.dylib
0x0000000006ad2000 	/System/Library/Frameworks/Accelerate.framework/Versions/A/Frameworks/vecLib.framework/Versions/A/libBLAS.dylib
0x0000000006ad2000 	/System/Library/Frameworks/ApplicationServices.framework/Versions/A/Frameworks/ATS.framework/Versions/A/Resources/libFontParser.dylib
0x0000000006ad2000 	/System/Library/Frameworks/ApplicationServices.framework/Versions/A/Frameworks/ATS.framework/Versions/A/Resources/libFontRegistry.dylib
0x0000000006ad2000 	/System/Library/Frameworks/ImageIO.framework/Versions/A/Resources/libJPEG.dylib
0x0000000006ad2000 	/System/Library/Frameworks/ImageIO.framework/Versions/A/Resources/libTIFF.dylib
0x0000000006ad2000 	/System/Library/Frameworks/ImageIO.framework/Versions/A/Resources/libPng.dylib
0x0000000006ad2000 	/System/Library/Frameworks/ImageIO.framework/Versions/A/Resources/libGIF.dylib
0x0000000006ad2000 	/System/Library/Frameworks/ImageIO.framework/Versions/A/Resources/libJP2.dylib
0x0000000006ad2000 	/System/Library/Frameworks/ImageIO.framework/Versions/A/Resources/libRadiance.dylib
0x0000000006ad2000 	/usr/lib/libcups.2.dylib
0x0000000006ad2000 	/System/Library/Frameworks/Kerberos.framework/Versions/A/Kerberos
0x0000000006ad2000 	/System/Library/Frameworks/GSS.framework/Versions/A/GSS
0x0000000006ad2000 	/usr/lib/libresolv.9.dylib
0x0000000006ad2000 	/usr/lib/libiconv.2.dylib
0x0000000006ad2000 	/System/Library/PrivateFrameworks/Heimdal.framework/Versions/A/Heimdal
0x0000000006ad2000 	/System/Library/PrivateFrameworks/TrustEvaluationAgent.framework/Versions/A/TrustEvaluationAgent
0x0000000006ad2000 	/usr/lib/libheimdal-asn1.dylib
0x0000000006ad2000 	/System/Library/Frameworks/OpenDirectory.framework/Versions/A/OpenDirectory
0x0000000006ad2000 	/System/Library/PrivateFrameworks/CommonAuth.framework/Versions/A/CommonAuth
0x0000000006ad2000 	/System/Library/Frameworks/SecurityFoundation.framework/Versions/A/SecurityFoundation
0x0000000006ad2000 	/System/Library/PrivateFrameworks/Bom.framework/Versions/A/Bom
0x0000000006ad2000 	/System/Library/Frameworks/CoreVideo.framework/Versions/A/CoreVideo
0x0000000006ad2000 	/System/Library/Frameworks/QuartzCore.framework/Versions/A/Frameworks/CoreImage.framework/Versions/A/CoreImage
0x0000000006ad2000 	/System/Library/Frameworks/QuartzCore.framework/Versions/A/Frameworks/ScalableUserInterface.framework/Versions/A/ScalableUserInterface
0x0000000006ad2000 	/System/Library/Frameworks/OpenGL.framework/Versions/A/Libraries/libGLU.dylib
0x0000000006ad2000 	/System/Library/Frameworks/OpenGL.framework/Versions/A/Libraries/libGFXShared.dylib
0x0000000006ad2000 	/System/Library/Frameworks/OpenGL.framework/Versions/A/Libraries/libGL.dylib
0x0000000006ad2000 	/System/Library/Frameworks/OpenGL.framework/Versions/A/Libraries/libGLImage.dylib
0x0000000006ad2000 	/System/Library/Frameworks/OpenGL.framework/Versions/A/Libraries/libCVMSPluginSupport.dylib
0x0000000006ad2000 	/System/Library/Frameworks/OpenGL.framework/Versions/A/Libraries/libCoreVMClient.dylib
0x0000000006ad2000 	/System/Library/PrivateFrameworks/FaceCore.framework/Versions/A/FaceCore
0x0000000006ad2000 	/System/Library/PrivateFrameworks/CrashReporterSupport.framework/Versions/A/CrashReporterSupport
0x0000000006ad2000 	/System/Library/Frameworks/OpenCL.framework/Versions/A/OpenCL
0x0000000006ad2000 	/System/Library/PrivateFrameworks/AppleFSCompression.framework/Versions/A/AppleFSCompression
0x0000000006ad2000 	/System/Library/PrivateFrameworks/Ubiquity.framework/Versions/A/Ubiquity
0x0000000006ad2000 	/System/Library/PrivateFrameworks/IconServices.framework/Versions/A/IconServices
0x0000000006ad2000 	/System/Library/PrivateFrameworks/ChunkingLibrary.framework/Versions/A/ChunkingLibrary
0x0000000006ad2000 	/System/Library/PrivateFrameworks/CoreSymbolication.framework/Versions/A/CoreSymbolication
0x0000000006ad2000 	/System/Library/PrivateFrameworks/Symbolication.framework/Versions/A/Symbolication
0x0000000006ad2000 	/System/Library/PrivateFrameworks/DebugSymbols.framework/Versions/A/DebugSymbols
0x0000000102400000 	/Library/Java/JavaVirtualMachines/jdk1.7.0_51.jdk/Contents/Home/jre/lib/server/libjvm.dylib
0x0000000006ad2000 	/usr/lib/libstdc++.6.dylib
0x00000001013e0000 	/Library/Java/JavaVirtualMachines/jdk1.7.0_51.jdk/Contents/Home/jre/lib/libverify.dylib
0x0000000102f56000 	/Library/Java/JavaVirtualMachines/jdk1.7.0_51.jdk/Contents/Home/jre/lib/libjava.dylib
0x00000001013f7000 	/Library/Java/JavaVirtualMachines/jdk1.7.0_51.jdk/Contents/Home/jre/lib/libzip.dylib
0x00000001505a6000 	/System/Library/Frameworks/JavaVM.framework/Frameworks/JavaRuntimeSupport.framework/JavaRuntimeSupport
0x00000001505be000 	/System/Library/Frameworks/JavaVM.framework/Versions/A/Frameworks/JavaNativeFoundation.framework/Versions/A/JavaNativeFoundation
0x0000000106070000 	/System/Library/Frameworks/JavaVM.framework/Versions/A/JavaVM
0x0000000006ad2000 	/System/Library/Frameworks/Carbon.framework/Versions/A/Carbon
0x00000001505d3000 	/System/Library/PrivateFrameworks/JavaLaunching.framework/Versions/A/JavaLaunching
0x0000000006ad2000 	/System/Library/Frameworks/Carbon.framework/Versions/A/Frameworks/CommonPanels.framework/Versions/A/CommonPanels
0x0000000006ad2000 	/System/Library/Frameworks/Carbon.framework/Versions/A/Frameworks/Help.framework/Versions/A/Help
0x0000000006ad2000 	/System/Library/Frameworks/Carbon.framework/Versions/A/Frameworks/ImageCapture.framework/Versions/A/ImageCapture
0x0000000006ad2000 	/System/Library/Frameworks/Carbon.framework/Versions/A/Frameworks/OpenScripting.framework/Versions/A/OpenScripting
0x0000000006ad2000 	/System/Library/Frameworks/Carbon.framework/Versions/A/Frameworks/Print.framework/Versions/A/Print
0x0000000006ad2000 	/System/Library/Frameworks/Carbon.framework/Versions/A/Frameworks/SecurityHI.framework/Versions/A/SecurityHI

VM Arguments:
jvm_args: -Dfile.encoding=US-ASCII 
java_command: project5.Project5
Launcher Type: SUN_STANDARD

Environment Variables:
PATH=/usr/bin:/bin:/usr/sbin:/sbin
SHELL=/bin/bash

Signal Handlers:
SIGSEGV: [libjvm.dylib+0x525425], sa_mask[0]=0xfffefeff, sa_flags=0x00000043
SIGBUS: [libjvm.dylib+0x525425], sa_mask[0]=0xfffefeff, sa_flags=0x00000042
SIGFPE: [libjvm.dylib+0x41892a], sa_mask[0]=0xfffefeff, sa_flags=0x00000042
SIGPIPE: [libjvm.dylib+0x41892a], sa_mask[0]=0xfffefeff, sa_flags=0x00000042
SIGXFSZ: [libjvm.dylib+0x41892a], sa_mask[0]=0xfffefeff, sa_flags=0x00000042
SIGILL: [libjvm.dylib+0x41892a], sa_mask[0]=0xfffefeff, sa_flags=0x00000042
SIGUSR1: SIG_DFL, sa_mask[0]=0x00000000, sa_flags=0x00000002
SIGUSR2: [libjvm.dylib+0x41841c], sa_mask[0]=0x00000004, sa_flags=0x00000042
SIGHUP: [libjvm.dylib+0x4166ab], sa_mask[0]=0xfffefeff, sa_flags=0x00000042
SIGINT: [libjvm.dylib+0x4166ab], sa_mask[0]=0xfffefeff, sa_flags=0x00000042
SIGTERM: [libjvm.dylib+0x4166ab], sa_mask[0]=0xfffefeff, sa_flags=0x00000042
SIGQUIT: [libjvm.dylib+0x4166ab], sa_mask[0]=0xfffefeff, sa_flags=0x00000042


---------------  S Y S T E M  ---------------

OS:Bsduname:Darwin 13.1.0 Darwin Kernel Version 13.1.0: Wed Apr  2 23:52:02 PDT 2014; root:xnu-2422.92.1~2/RELEASE_X86_64 x86_64
rlimit: STACK 8192k, CORE 0k, NPROC 709, NOFILE 10240, AS infinity
load average:3.26 2.93 2.48

CPU:total 8 (4 cores per cpu, 2 threads per core) family 6 model 42 stepping 7, cmov, cx8, fxsr, mmx, sse, sse2, sse3, ssse3, sse4.1, sse4.2, popcnt, avx, aes, ht, tsc, tscinvbit

Memory: 4k page, physical 4194304k(1048576k free)

/proc/meminfo:


vm_info: Java HotSpot(TM) 64-Bit Server VM (24.51-b03) for bsd-amd64 JRE (1.7.0_51-b13), built on Dec 18 2013 18:45:56 by "java_re" with gcc 4.2.1 (Based on Apple Inc. build 5658) (LLVM build 2336.11.00)

time: Mon May 12 20:15:03 2014
elapsed time: 631 seconds

