#
# A fatal error has been detected by the Java Runtime Environment:
#
#  Internal Error (safepoint.cpp:318), pid=1338, tid=13571
#  guarantee(PageArmed == 0) failed: invariant
#
# JRE version: Java(TM) SE Runtime Environment (7.0_51-b13) (build 1.7.0_51-b13)
# Java VM: Java HotSpot(TM) 64-Bit Server VM (24.51-b03 mixed mode bsd-amd64 compressed oops)
# Failed to write core dump. Core dumps have been disabled. To enable core dumping, try "ulimit -c unlimited" before starting Java again
#
# If you would like to submit a bug report, please visit:
#   http://bugreport.sun.com/bugreport/crash.jsp
#

---------------  T H R E A D  ---------------

Current thread (0x00007fd8b500c800):  VMThread [stack: 0x00000001181c7000,0x00000001182c7000] [id=13571]

Stack: [0x00000001181c7000,0x00000001182c7000],  sp=0x00000001182c6990,  free space=1022k
Native frames: (J=compiled Java code, j=interpreted, Vv=VM code, C=native code)
V  [libjvm.dylib+0x524ef9]  VMError::report_and_die()+0x5d5
V  [libjvm.dylib+0x1ec18d]  report_vm_error(char const*, int, char const*, char const*)+0x54
V  [libjvm.dylib+0x46e05a]  SafepointSynchronize::begin()+0x2b2
V  [libjvm.dylib+0x52aa1d]  VMThread::loop()+0x319
V  [libjvm.dylib+0x52a36b]  VMThread::run()+0x79
V  [libjvm.dylib+0x41b1d6]  java_start(Thread*)+0x126
C  [libsystem_pthread.dylib+0x1899]  _pthread_body+0x8a
C  [libsystem_pthread.dylib+0x172a]  _pthread_struct_init+0x0
C  [libsystem_pthread.dylib+0x5fc9]  thread_start+0xd

VM_Operation (0x0000000118d6c798): ParallelGCFailedAllocation, mode: safepoint, requested by thread 0x00007fd8b3806800


---------------  P R O C E S S  ---------------

Java Threads: ( => current thread )
  0x00007fd8b3807800 JavaThread "Thread-2" [_thread_in_Java, id=23299, stack(0x0000000118d70000,0x0000000118e70000)]
  0x00007fd8b3806800 JavaThread "Thread-1" [_thread_blocked, id=22787, stack(0x0000000118c6d000,0x0000000118d6d000)]
  0x00007fd8b583d800 JavaThread "Thread-0" [_thread_blocked, id=22275, stack(0x0000000118b6a000,0x0000000118c6a000)]
  0x00007fd8b6006000 JavaThread "Service Thread" daemon [_thread_blocked, id=21251, stack(0x0000000118919000,0x0000000118a19000)]
  0x00007fd8b6005800 JavaThread "C2 CompilerThread1" daemon [_thread_blocked, id=20739, stack(0x0000000118816000,0x0000000118916000)]
  0x00007fd8b6004000 JavaThread "C2 CompilerThread0" daemon [_thread_blocked, id=20227, stack(0x0000000118713000,0x0000000118813000)]
  0x00007fd8b6000000 JavaThread "Signal Dispatcher" daemon [_thread_blocked, id=19715, stack(0x0000000118610000,0x0000000118710000)]
  0x00007fd8b3804800 JavaThread "Finalizer" daemon [_thread_blocked, id=14595, stack(0x00000001183cd000,0x00000001184cd000)]
  0x00007fd8b284d000 JavaThread "Reference Handler" daemon [_thread_blocked, id=14083, stack(0x00000001182ca000,0x00000001183ca000)]
  0x00007fd8b280a000 JavaThread "main" [_thread_blocked, id=6403, stack(0x0000000110054000,0x0000000110154000)]

Other Threads:
=>0x00007fd8b500c800 VMThread [stack: 0x00000001181c7000,0x00000001182c7000] [id=13571]
  0x00007fd8b6001000 WatcherThread [stack: 0x0000000118a1c000,0x0000000118b1c000] [id=21763]

VM state:synchronizing (normal execution)

VM Mutex/Monitor currently owned by a thread:  ([mutex/lock_event])
[0x00007fd8b2603170] Safepoint_lock - owner thread: 0x00007fd8b500c800
[0x00007fd8b26031f0] Threads_lock - owner thread: 0x00007fd8b500c800
[0x00007fd8b26036f0] Heap_lock - owner thread: 0x00007fd8b3806800

Heap
 PSYoungGen      total 157184K, used 157152K [0x00000007eaa80000, 0x00000007fb800000, 0x0000000800000000)
  eden space 40960K, 100% used [0x00000007eaa80000,0x00000007ed280000,0x00000007ed280000)
  from space 116224K, 99% used [0x00000007f4400000,0x00000007fb578010,0x00000007fb580000)
  to   space 116224K, 0% used [0x00000007ed280000,0x00000007ed280000,0x00000007f4400000)
 ParOldGen       total 269312K, used 217093K [0x00000007c0000000, 0x00000007d0700000, 0x00000007eaa80000)
  object space 269312K, 80% used [0x00000007c0000000,0x00000007cd4017e0,0x00000007d0700000)
 PSPermGen       total 21504K, used 2799K [0x00000007bae00000, 0x00000007bc300000, 0x00000007c0000000)
  object space 21504K, 13% used [0x00000007bae00000,0x00000007bb0bbee0,0x00000007bc300000)

Card table byte_map: [0x0000000113216000,0x0000000113440000] byte_map_base: 0x000000010f43f000

Polling page: 0x000000010e5c8000

Code Cache  [0x0000000110156000, 0x00000001103c6000, 0x0000000113156000)
 total_blobs=223 nmethods=35 adapters=143 free_code_cache=48728Kb largest_free_block=49880640

Compilation events (10 events):
Event: 12.033 Thread 0x00007fd8b6004000   31             java.lang.Integer::intValue (5 bytes)
Event: 12.033 Thread 0x00007fd8b6005800   32             java.util.LinkedList::get (14 bytes)
Event: 12.033 Thread 0x00007fd8b6004000 nmethod 31 0x00000001101c1110 code [0x00000001101c1240, 0x00000001101c1298]
Event: 12.033 Thread 0x00007fd8b6004000   33             java.util.LinkedList::checkElementIndex (22 bytes)
Event: 12.034 Thread 0x00007fd8b6004000 nmethod 33 0x00000001101c0e50 code [0x00000001101c0f80, 0x00000001101c0ff8]
Event: 12.034 Thread 0x00007fd8b6004000   34             java.util.LinkedList::isElementIndex (18 bytes)
Event: 12.034 Thread 0x00007fd8b6004000 nmethod 34 0x00000001101bee10 code [0x00000001101bef40, 0x00000001101befb8]
Event: 12.037 Thread 0x00007fd8b6005800 nmethod 32 0x00000001101be910 code [0x00000001101bea60, 0x00000001101bec38]
Event: 12.061 Thread 0x00007fd8b6004000   35 % !         project5.Receiver::run @ 137 (259 bytes)
Event: 12.069 Thread 0x00007fd8b6004000 nmethod 35% 0x00000001101c1c50 code [0x00000001101c1de0, 0x00000001101c2218]

GC Heap History (10 events):
Event: 9.751 GC heap before
{Heap before GC invocations=9 (full 3):
 PSYoungGen      total 43008K, used 40448K [0x00000007eaa80000, 0x00000007f3c00000, 0x0000000800000000)
  eden space 40448K, 100% used [0x00000007eaa80000,0x00000007ed200000,0x00000007ed200000)
  from space 2560K, 0% used [0x00000007ed200000,0x00000007ed200000,0x00000007ed480000)
  to   space 50176K, 0% used [0x00000007f0b00000,0x00000007f0b00000,0x00000007f3c00000)
 ParOldGen       total 269312K, used 140069K [0x00000007c0000000, 0x00000007d0700000, 0x00000007eaa80000)
  object space 269312K, 52% used [0x00000007c0000000,0x00000007c88c97e0,0x00000007d0700000)
 PSPermGen       total 21504K, used 2798K [0x00000007bae00000, 0x00000007bc300000, 0x00000007c0000000)
  object space 21504K, 13% used [0x00000007bae00000,0x00000007bb0bba00,0x00000007bc300000)
Event: 9.895 GC heap after
Heap after GC invocations=9 (full 3):
 PSYoungGen      total 95744K, used 40416K [0x00000007eaa80000, 0x00000007f4100000, 0x0000000800000000)
  eden space 45568K, 0% used [0x00000007eaa80000,0x00000007eaa80000,0x00000007ed700000)
  from space 50176K, 80% used [0x00000007f0b00000,0x00000007f3278000,0x00000007f3c00000)
  to   space 53248K, 0% used [0x00000007ed700000,0x00000007ed700000,0x00000007f0b00000)
 ParOldGen       total 269312K, used 140069K [0x00000007c0000000, 0x00000007d0700000, 0x00000007eaa80000)
  object space 269312K, 52% used [0x00000007c0000000,0x00000007c88c97e0,0x00000007d0700000)
 PSPermGen       total 21504K, used 2798K [0x00000007bae00000, 0x00000007bc300000, 0x00000007c0000000)
  object space 21504K, 13% used [0x00000007bae00000,0x00000007bb0bba00,0x00000007bc300000)
}
Event: 10.361 GC heap before
{Heap before GC invocations=10 (full 3):
 PSYoungGen      total 95744K, used 85984K [0x00000007eaa80000, 0x00000007f4100000, 0x0000000800000000)
  eden space 45568K, 100% used [0x00000007eaa80000,0x00000007ed700000,0x00000007ed700000)
  from space 50176K, 80% used [0x00000007f0b00000,0x00000007f3278000,0x00000007f3c00000)
  to   space 53248K, 0% used [0x00000007ed700000,0x00000007ed700000,0x00000007f0b00000)
 ParOldGen       total 269312K, used 140069K [0x00000007c0000000, 0x00000007d0700000, 0x00000007eaa80000)
  object space 269312K, 52% used [0x00000007c0000000,0x00000007c88c97e0,0x00000007d0700000)
 PSPermGen       total 21504K, used 2798K [0x00000007bae00000, 0x00000007bc300000, 0x00000007c0000000)
  object space 21504K, 13% used [0x00000007bae00000,0x00000007bb0bba00,0x00000007bc300000)
Event: 10.575 GC heap after
Heap after GC invocations=10 (full 3):
 PSYoungGen      total 98816K, used 53248K [0x00000007eaa80000, 0x00000007f7880000, 0x0000000800000000)
  eden space 45568K, 0% used [0x00000007eaa80000,0x00000007eaa80000,0x00000007ed700000)
  from space 53248K, 100% used [0x00000007ed700000,0x00000007f0b00000,0x00000007f0b00000)
  to   space 77312K, 0% used [0x00000007f2d00000,0x00000007f2d00000,0x00000007f7880000)
 ParOldGen       total 269312K, used 172349K [0x00000007c0000000, 0x00000007d0700000, 0x00000007eaa80000)
  object space 269312K, 63% used [0x00000007c0000000,0x00000007ca84f7e0,0x00000007d0700000)
 PSPermGen       total 21504K, used 2798K [0x00000007bae00000, 0x00000007bc300000, 0x00000007c0000000)
  object space 21504K, 13% used [0x00000007bae00000,0x00000007bb0bba00,0x00000007bc300000)
}
Event: 11.041 GC heap before
{Heap before GC invocations=11 (full 3):
 PSYoungGen      total 98816K, used 98816K [0x00000007eaa80000, 0x00000007f7880000, 0x0000000800000000)
  eden space 45568K, 100% used [0x00000007eaa80000,0x00000007ed700000,0x00000007ed700000)
  from space 53248K, 100% used [0x00000007ed700000,0x00000007f0b00000,0x00000007f0b00000)
  to   space 77312K, 0% used [0x00000007f2d00000,0x00000007f2d00000,0x00000007f7880000)
 ParOldGen       total 269312K, used 172349K [0x00000007c0000000, 0x00000007d0700000, 0x00000007eaa80000)
  object space 269312K, 63% used [0x00000007c0000000,0x00000007ca84f7e0,0x00000007d0700000)
 PSPermGen       total 21504K, used 2798K [0x00000007bae00000, 0x00000007bc300000, 0x00000007c0000000)
  object space 21504K, 13% used [0x00000007bae00000,0x00000007bb0bba00,0x00000007bc300000)
Event: 11.208 GC heap after
Heap after GC invocations=11 (full 3):
 PSYoungGen      total 112128K, used 77312K [0x00000007eaa80000, 0x00000007fa400000, 0x0000000800000000)
  eden space 34816K, 0% used [0x00000007eaa80000,0x00000007eaa80000,0x00000007ecc80000)
  from space 77312K, 100% used [0x00000007f2d00000,0x00000007f7880000,0x00000007f7880000)
  to   space 98816K, 0% used [0x00000007ecc80000,0x00000007ecc80000,0x00000007f2d00000)
 ParOldGen       total 269312K, used 193773K [0x00000007c0000000, 0x00000007d0700000, 0x00000007eaa80000)
  object space 269312K, 71% used [0x00000007c0000000,0x00000007cbd3b7e0,0x00000007d0700000)
 PSPermGen       total 21504K, used 2798K [0x00000007bae00000, 0x00000007bc300000, 0x00000007c0000000)
  object space 21504K, 13% used [0x00000007bae00000,0x00000007bb0bba00,0x00000007bc300000)
}
Event: 11.556 GC heap before
{Heap before GC invocations=12 (full 3):
 PSYoungGen      total 112128K, used 112128K [0x00000007eaa80000, 0x00000007fa400000, 0x0000000800000000)
  eden space 34816K, 100% used [0x00000007eaa80000,0x00000007ecc80000,0x00000007ecc80000)
  from space 77312K, 100% used [0x00000007f2d00000,0x00000007f7880000,0x00000007f7880000)
  to   space 98816K, 0% used [0x00000007ecc80000,0x00000007ecc80000,0x00000007f2d00000)
 ParOldGen       total 269312K, used 193773K [0x00000007c0000000, 0x00000007d0700000, 0x00000007eaa80000)
  object space 269312K, 71% used [0x00000007c0000000,0x00000007cbd3b7e0,0x00000007d0700000)
 PSPermGen       total 21504K, used 2798K [0x00000007bae00000, 0x00000007bc300000, 0x00000007c0000000)
  object space 21504K, 13% used [0x00000007bae00000,0x00000007bb0bba00,0x00000007bc300000)
Event: 11.695 GC heap after
Heap after GC invocations=12 (full 3):
 PSYoungGen      total 133632K, used 98816K [0x00000007eaa80000, 0x00000007fb580000, 0x0000000800000000)
  eden space 34816K, 0% used [0x00000007eaa80000,0x00000007eaa80000,0x00000007ecc80000)
  from space 98816K, 100% used [0x00000007ecc80000,0x00000007f2d00000,0x00000007f2d00000)
  to   space 116224K, 0% used [0x00000007f4400000,0x00000007f4400000,0x00000007fb580000)
 ParOldGen       total 269312K, used 199725K [0x00000007c0000000, 0x00000007d0700000, 0x00000007eaa80000)
  object space 269312K, 74% used [0x00000007c0000000,0x00000007cc30b7e0,0x00000007d0700000)
 PSPermGen       total 21504K, used 2798K [0x00000007bae00000, 0x00000007bc300000, 0x00000007c0000000)
  object space 21504K, 13% used [0x00000007bae00000,0x00000007bb0bba00,0x00000007bc300000)
}
Event: 11.765 GC heap before
{Heap before GC invocations=13 (full 3):
 PSYoungGen      total 133632K, used 133632K [0x00000007eaa80000, 0x00000007fb580000, 0x0000000800000000)
  eden space 34816K, 100% used [0x00000007eaa80000,0x00000007ecc80000,0x00000007ecc80000)
  from space 98816K, 100% used [0x00000007ecc80000,0x00000007f2d00000,0x00000007f2d00000)
  to   space 116224K, 0% used [0x00000007f4400000,0x00000007f4400000,0x00000007fb580000)
 ParOldGen       total 269312K, used 199725K [0x00000007c0000000, 0x00000007d0700000, 0x00000007eaa80000)
  object space 269312K, 74% used [0x00000007c0000000,0x00000007cc30b7e0,0x00000007d0700000)
 PSPermGen       total 21504K, used 2799K [0x00000007bae00000, 0x00000007bc300000, 0x00000007c0000000)
  object space 21504K, 13% used [0x00000007bae00000,0x00000007bb0bbee0,0x00000007bc300000)
Event: 11.974 GC heap after
Heap after GC invocations=13 (full 3):
 PSYoungGen      total 157184K, used 116192K [0x00000007eaa80000, 0x00000007fb800000, 0x0000000800000000)
  eden space 40960K, 0% used [0x00000007eaa80000,0x00000007eaa80000,0x00000007ed280000)
  from space 116224K, 99% used [0x00000007f4400000,0x00000007fb578010,0x00000007fb580000)
  to   space 116224K, 0% used [0x00000007ed280000,0x00000007ed280000,0x00000007f4400000)
 ParOldGen       total 269312K, used 217093K [0x00000007c0000000, 0x00000007d0700000, 0x00000007eaa80000)
  object space 269312K, 80% used [0x00000007c0000000,0x00000007cd4017e0,0x00000007d0700000)
 PSPermGen       total 21504K, used 2799K [0x00000007bae00000, 0x00000007bc300000, 0x00000007c0000000)
  object space 21504K, 13% used [0x00000007bae00000,0x00000007bb0bbee0,0x00000007bc300000)
}

Deoptimization events (2 events):
Event: 9.541 Thread 0x00007fd8b3807800 Uncommon trap: reason=unreached action=reinterpret pc=0x00000001101b6fac method=java.util.LinkedList.linkLast(Ljava/lang/Object;)V @ 22
Event: 11.716 Thread 0x00007fd8b3807800 Uncommon trap: reason=unreached action=reinterpret pc=0x00000001101bf88c method=project5.Receiver.run()V @ 176

Internal exceptions (10 events):
Event: 0.098 Thread 0x00007fd8b280a000 Threw 0x00000007eab13998 at /HUDSON/workspace/7u-2-build-macosx-x86_64/jdk7u51/527/hotspot/src/share/vm/prims/jvm.cpp:1244
Event: 0.098 Thread 0x00007fd8b280a000 Threw 0x00000007eab13ac0 at /HUDSON/workspace/7u-2-build-macosx-x86_64/jdk7u51/527/hotspot/src/share/vm/prims/jvm.cpp:1244
Event: 0.100 Thread 0x00007fd8b280a000 Threw 0x00000007eab26570 at /HUDSON/workspace/7u-2-build-macosx-x86_64/jdk7u51/527/hotspot/src/share/vm/prims/jni.cpp:717
Event: 0.100 Thread 0x00007fd8b280a000 Threw 0x00000007eab26690 at /HUDSON/workspace/7u-2-build-macosx-x86_64/jdk7u51/527/hotspot/src/share/vm/prims/jvm.cpp:1244
Event: 0.100 Thread 0x00007fd8b280a000 Threw 0x00000007eab267b8 at /HUDSON/workspace/7u-2-build-macosx-x86_64/jdk7u51/527/hotspot/src/share/vm/prims/jvm.cpp:1244
Event: 0.100 Thread 0x00007fd8b280a000 Threw 0x00000007eab26a08 at /HUDSON/workspace/7u-2-build-macosx-x86_64/jdk7u51/527/hotspot/src/share/vm/prims/jvm.cpp:1244
Event: 0.104 Thread 0x00007fd8b280a000 Threw 0x00000007eab2f208 at /HUDSON/workspace/7u-2-build-macosx-x86_64/jdk7u51/527/hotspot/src/share/vm/prims/jvm.cpp:1244
Event: 0.105 Thread 0x00007fd8b280a000 Threw 0x00000007eab328d0 at /HUDSON/workspace/7u-2-build-macosx-x86_64/jdk7u51/527/hotspot/src/share/vm/prims/jvm.cpp:1244
Event: 0.106 Thread 0x00007fd8b280a000 Threw 0x00000007eab35868 at /HUDSON/workspace/7u-2-build-macosx-x86_64/jdk7u51/527/hotspot/src/share/vm/prims/jvm.cpp:1244
Event: 9.541 Thread 0x00007fd8b3807800 Implicit null exception at 0x00000001101b6f56 to 0x00000001101b6f92

Events (10 events):
Event: 11.041 Executing VM operation: ParallelGCFailedAllocation
Event: 11.208 Executing VM operation: ParallelGCFailedAllocation done
Event: 11.556 Executing VM operation: ParallelGCFailedAllocation
Event: 11.695 Executing VM operation: ParallelGCFailedAllocation done
Event: 11.716 Thread 0x00007fd8b3807800 Uncommon trap: trap_request=0xffffffad fr.pc=0x00000001101bf88c
Event: 11.716 Thread 0x00007fd8b3807800 DEOPT PACKING pc=0x00000001101bf88c sp=0x0000000118e6f990
Event: 11.716 Thread 0x00007fd8b3807800 DEOPT UNPACKING pc=0x000000011018f045 sp=0x0000000118e6f938 mode 2
Event: 11.765 Executing VM operation: ParallelGCFailedAllocation
Event: 11.974 Executing VM operation: ParallelGCFailedAllocation done
Event: 12.113 Executing VM operation: ParallelGCFailedAllocation


Dynamic libraries:
0x0000000008721000 	/System/Library/Frameworks/Cocoa.framework/Versions/A/Cocoa
0x0000000008721000 	/System/Library/Frameworks/Security.framework/Versions/A/Security
0x0000000008721000 	/System/Library/Frameworks/ApplicationServices.framework/Versions/A/ApplicationServices
0x0000000008721000 	/usr/lib/libz.1.dylib
0x0000000008721000 	/usr/lib/libSystem.B.dylib
0x0000000008721000 	/usr/lib/libobjc.A.dylib
0x0000000008721000 	/System/Library/Frameworks/CoreFoundation.framework/Versions/A/CoreFoundation
0x0000000008721000 	/System/Library/Frameworks/Foundation.framework/Versions/C/Foundation
0x0000000008721000 	/System/Library/Frameworks/AppKit.framework/Versions/C/AppKit
0x0000000008721000 	/System/Library/Frameworks/CoreData.framework/Versions/A/CoreData
0x0000000008721000 	/System/Library/PrivateFrameworks/RemoteViewServices.framework/Versions/A/RemoteViewServices
0x0000000008721000 	/System/Library/Frameworks/AudioToolbox.framework/Versions/A/AudioToolbox
0x0000000008721000 	/System/Library/Frameworks/AudioUnit.framework/Versions/A/AudioUnit
0x0000000008721000 	/System/Library/PrivateFrameworks/DataDetectorsCore.framework/Versions/A/DataDetectorsCore
0x0000000008721000 	/System/Library/PrivateFrameworks/DesktopServicesPriv.framework/Versions/A/DesktopServicesPriv
0x0000000008721000 	/System/Library/Frameworks/Carbon.framework/Versions/A/Frameworks/HIToolbox.framework/Versions/A/HIToolbox
0x0000000008721000 	/System/Library/Frameworks/QuartzCore.framework/Versions/A/QuartzCore
0x0000000008721000 	/System/Library/Frameworks/Carbon.framework/Versions/A/Frameworks/SpeechRecognition.framework/Versions/A/SpeechRecognition
0x0000000008721000 	/usr/lib/libauto.dylib
0x0000000008721000 	/usr/lib/libicucore.A.dylib
0x0000000008721000 	/usr/lib/libxml2.2.dylib
0x0000000008721000 	/System/Library/PrivateFrameworks/CoreUI.framework/Versions/A/CoreUI
0x0000000008721000 	/System/Library/Frameworks/CoreAudio.framework/Versions/A/CoreAudio
0x0000000008721000 	/System/Library/Frameworks/DiskArbitration.framework/Versions/A/DiskArbitration
0x0000000008721000 	/usr/lib/liblangid.dylib
0x0000000008721000 	/System/Library/PrivateFrameworks/MultitouchSupport.framework/Versions/A/MultitouchSupport
0x0000000008721000 	/System/Library/Frameworks/IOKit.framework/Versions/A/IOKit
0x0000000008721000 	/usr/lib/libDiagnosticMessagesClient.dylib
0x0000000008721000 	/System/Library/Frameworks/CoreServices.framework/Versions/A/CoreServices
0x0000000008721000 	/System/Library/PrivateFrameworks/PerformanceAnalysis.framework/Versions/A/PerformanceAnalysis
0x0000000008721000 	/System/Library/PrivateFrameworks/GenerationalStorage.framework/Versions/A/GenerationalStorage
0x0000000008721000 	/System/Library/Frameworks/OpenGL.framework/Versions/A/OpenGL
0x0000000008721000 	/System/Library/PrivateFrameworks/Sharing.framework/Versions/A/Sharing
0x0000000008721000 	/System/Library/Frameworks/ImageIO.framework/Versions/A/ImageIO
0x0000000008721000 	/System/Library/Frameworks/CoreText.framework/Versions/A/CoreText
0x0000000008721000 	/System/Library/Frameworks/CoreGraphics.framework/Versions/A/CoreGraphics
0x0000000008721000 	/System/Library/PrivateFrameworks/Backup.framework/Versions/A/Backup
0x0000000008721000 	/System/Library/Frameworks/CFNetwork.framework/Versions/A/CFNetwork
0x0000000008721000 	/System/Library/Frameworks/SystemConfiguration.framework/Versions/A/SystemConfiguration
0x0000000008721000 	/usr/lib/libCRFSuite.dylib
0x0000000008721000 	/usr/lib/libc++.1.dylib
0x0000000008721000 	/usr/lib/libc++abi.dylib
0x0000000008721000 	/usr/lib/system/libcache.dylib
0x0000000008721000 	/usr/lib/system/libcommonCrypto.dylib
0x0000000008721000 	/usr/lib/system/libcompiler_rt.dylib
0x0000000008721000 	/usr/lib/system/libcopyfile.dylib
0x0000000008721000 	/usr/lib/system/libcorecrypto.dylib
0x0000000008721000 	/usr/lib/system/libdispatch.dylib
0x0000000008721000 	/usr/lib/system/libdyld.dylib
0x0000000008721000 	/usr/lib/system/libkeymgr.dylib
0x0000000008721000 	/usr/lib/system/liblaunch.dylib
0x0000000008721000 	/usr/lib/system/libmacho.dylib
0x0000000008721000 	/usr/lib/system/libquarantine.dylib
0x0000000008721000 	/usr/lib/system/libremovefile.dylib
0x0000000008721000 	/usr/lib/system/libsystem_asl.dylib
0x0000000008721000 	/usr/lib/system/libsystem_blocks.dylib
0x0000000008721000 	/usr/lib/system/libsystem_c.dylib
0x0000000008721000 	/usr/lib/system/libsystem_configuration.dylib
0x0000000008721000 	/usr/lib/system/libsystem_dnssd.dylib
0x0000000008721000 	/usr/lib/system/libsystem_info.dylib
0x0000000008721000 	/usr/lib/system/libsystem_kernel.dylib
0x0000000008721000 	/usr/lib/system/libsystem_m.dylib
0x0000000008721000 	/usr/lib/system/libsystem_malloc.dylib
0x0000000008721000 	/usr/lib/system/libsystem_network.dylib
0x0000000008721000 	/usr/lib/system/libsystem_notify.dylib
0x0000000008721000 	/usr/lib/system/libsystem_platform.dylib
0x0000000008721000 	/usr/lib/system/libsystem_pthread.dylib
0x0000000008721000 	/usr/lib/system/libsystem_sandbox.dylib
0x0000000008721000 	/usr/lib/system/libsystem_stats.dylib
0x0000000008721000 	/usr/lib/system/libunc.dylib
0x0000000008721000 	/usr/lib/system/libunwind.dylib
0x0000000008721000 	/usr/lib/system/libxpc.dylib
0x0000000008721000 	/usr/lib/libbsm.0.dylib
0x0000000008721000 	/usr/lib/libsqlite3.dylib
0x0000000008721000 	/usr/lib/libxar.1.dylib
0x0000000008721000 	/usr/lib/libpam.2.dylib
0x0000000008721000 	/usr/lib/libOpenScriptingUtil.dylib
0x0000000008721000 	/usr/lib/libbz2.1.0.dylib
0x0000000008721000 	/System/Library/Frameworks/CoreServices.framework/Versions/A/Frameworks/CarbonCore.framework/Versions/A/CarbonCore
0x0000000008721000 	/System/Library/Frameworks/CoreServices.framework/Versions/A/Frameworks/Metadata.framework/Versions/A/Metadata
0x0000000008721000 	/System/Library/Frameworks/CoreServices.framework/Versions/A/Frameworks/OSServices.framework/Versions/A/OSServices
0x0000000008721000 	/System/Library/Frameworks/CoreServices.framework/Versions/A/Frameworks/SearchKit.framework/Versions/A/SearchKit
0x0000000008721000 	/System/Library/Frameworks/CoreServices.framework/Versions/A/Frameworks/AE.framework/Versions/A/AE
0x0000000008721000 	/System/Library/Frameworks/CoreServices.framework/Versions/A/Frameworks/LaunchServices.framework/Versions/A/LaunchServices
0x0000000008721000 	/System/Library/Frameworks/CoreServices.framework/Versions/A/Frameworks/DictionaryServices.framework/Versions/A/DictionaryServices
0x0000000008721000 	/System/Library/Frameworks/NetFS.framework/Versions/A/NetFS
0x0000000008721000 	/usr/lib/system/libkxld.dylib
0x0000000008721000 	/System/Library/PrivateFrameworks/NetAuth.framework/Versions/A/NetAuth
0x0000000008721000 	/System/Library/PrivateFrameworks/TCC.framework/Versions/A/TCC
0x0000000008721000 	/System/Library/Frameworks/OpenDirectory.framework/Versions/A/Frameworks/CFOpenDirectory.framework/Versions/A/CFOpenDirectory
0x0000000008721000 	/System/Library/Frameworks/ServiceManagement.framework/Versions/A/ServiceManagement
0x0000000008721000 	/usr/lib/libxslt.1.dylib
0x0000000008721000 	/System/Library/Frameworks/Carbon.framework/Versions/A/Frameworks/Ink.framework/Versions/A/Ink
0x0000000008721000 	/System/Library/Frameworks/ApplicationServices.framework/Versions/A/Frameworks/ATS.framework/Versions/A/ATS
0x0000000008721000 	/System/Library/Frameworks/ApplicationServices.framework/Versions/A/Frameworks/ColorSync.framework/Versions/A/ColorSync
0x0000000008721000 	/System/Library/Frameworks/ApplicationServices.framework/Versions/A/Frameworks/HIServices.framework/Versions/A/HIServices
0x0000000008721000 	/System/Library/Frameworks/ApplicationServices.framework/Versions/A/Frameworks/LangAnalysis.framework/Versions/A/LangAnalysis
0x0000000008721000 	/System/Library/Frameworks/ApplicationServices.framework/Versions/A/Frameworks/PrintCore.framework/Versions/A/PrintCore
0x0000000008721000 	/System/Library/Frameworks/ApplicationServices.framework/Versions/A/Frameworks/QD.framework/Versions/A/QD
0x0000000008721000 	/System/Library/Frameworks/ApplicationServices.framework/Versions/A/Frameworks/SpeechSynthesis.framework/Versions/A/SpeechSynthesis
0x0000000008721000 	/System/Library/Frameworks/IOSurface.framework/Versions/A/IOSurface
0x0000000008721000 	/System/Library/Frameworks/Accelerate.framework/Versions/A/Accelerate
0x0000000008721000 	/System/Library/Frameworks/Accelerate.framework/Versions/A/Frameworks/vImage.framework/Versions/A/vImage
0x0000000008721000 	/System/Library/Frameworks/Accelerate.framework/Versions/A/Frameworks/vecLib.framework/Versions/A/vecLib
0x0000000008721000 	/System/Library/Frameworks/Accelerate.framework/Versions/A/Frameworks/vecLib.framework/Versions/A/libvDSP.dylib
0x0000000008721000 	/System/Library/Frameworks/Accelerate.framework/Versions/A/Frameworks/vecLib.framework/Versions/A/libvMisc.dylib
0x0000000008721000 	/System/Library/Frameworks/Accelerate.framework/Versions/A/Frameworks/vecLib.framework/Versions/A/libLAPACK.dylib
0x0000000008721000 	/System/Library/Frameworks/Accelerate.framework/Versions/A/Frameworks/vecLib.framework/Versions/A/libBLAS.dylib
0x0000000008721000 	/System/Library/Frameworks/ApplicationServices.framework/Versions/A/Frameworks/ATS.framework/Versions/A/Resources/libFontParser.dylib
0x0000000008721000 	/System/Library/Frameworks/ApplicationServices.framework/Versions/A/Frameworks/ATS.framework/Versions/A/Resources/libFontRegistry.dylib
0x0000000008721000 	/System/Library/Frameworks/ImageIO.framework/Versions/A/Resources/libJPEG.dylib
0x0000000008721000 	/System/Library/Frameworks/ImageIO.framework/Versions/A/Resources/libTIFF.dylib
0x0000000008721000 	/System/Library/Frameworks/ImageIO.framework/Versions/A/Resources/libPng.dylib
0x0000000008721000 	/System/Library/Frameworks/ImageIO.framework/Versions/A/Resources/libGIF.dylib
0x0000000008721000 	/System/Library/Frameworks/ImageIO.framework/Versions/A/Resources/libJP2.dylib
0x0000000008721000 	/System/Library/Frameworks/ImageIO.framework/Versions/A/Resources/libRadiance.dylib
0x0000000008721000 	/usr/lib/libcups.2.dylib
0x0000000008721000 	/System/Library/Frameworks/Kerberos.framework/Versions/A/Kerberos
0x0000000008721000 	/System/Library/Frameworks/GSS.framework/Versions/A/GSS
0x0000000008721000 	/usr/lib/libresolv.9.dylib
0x0000000008721000 	/usr/lib/libiconv.2.dylib
0x0000000008721000 	/System/Library/PrivateFrameworks/Heimdal.framework/Versions/A/Heimdal
0x0000000008721000 	/System/Library/PrivateFrameworks/TrustEvaluationAgent.framework/Versions/A/TrustEvaluationAgent
0x0000000008721000 	/usr/lib/libheimdal-asn1.dylib
0x0000000008721000 	/System/Library/Frameworks/OpenDirectory.framework/Versions/A/OpenDirectory
0x0000000008721000 	/System/Library/PrivateFrameworks/CommonAuth.framework/Versions/A/CommonAuth
0x0000000008721000 	/System/Library/Frameworks/SecurityFoundation.framework/Versions/A/SecurityFoundation
0x0000000008721000 	/System/Library/PrivateFrameworks/Bom.framework/Versions/A/Bom
0x0000000008721000 	/System/Library/Frameworks/CoreVideo.framework/Versions/A/CoreVideo
0x0000000008721000 	/System/Library/Frameworks/QuartzCore.framework/Versions/A/Frameworks/CoreImage.framework/Versions/A/CoreImage
0x0000000008721000 	/System/Library/Frameworks/QuartzCore.framework/Versions/A/Frameworks/ScalableUserInterface.framework/Versions/A/ScalableUserInterface
0x0000000008721000 	/System/Library/Frameworks/OpenGL.framework/Versions/A/Libraries/libGLU.dylib
0x0000000008721000 	/System/Library/Frameworks/OpenGL.framework/Versions/A/Libraries/libGFXShared.dylib
0x0000000008721000 	/System/Library/Frameworks/OpenGL.framework/Versions/A/Libraries/libGL.dylib
0x0000000008721000 	/System/Library/Frameworks/OpenGL.framework/Versions/A/Libraries/libGLImage.dylib
0x0000000008721000 	/System/Library/Frameworks/OpenGL.framework/Versions/A/Libraries/libCVMSPluginSupport.dylib
0x0000000008721000 	/System/Library/Frameworks/OpenGL.framework/Versions/A/Libraries/libCoreVMClient.dylib
0x0000000008721000 	/System/Library/PrivateFrameworks/FaceCore.framework/Versions/A/FaceCore
0x0000000008721000 	/System/Library/PrivateFrameworks/CrashReporterSupport.framework/Versions/A/CrashReporterSupport
0x0000000008721000 	/System/Library/Frameworks/OpenCL.framework/Versions/A/OpenCL
0x0000000008721000 	/System/Library/PrivateFrameworks/AppleFSCompression.framework/Versions/A/AppleFSCompression
0x0000000008721000 	/System/Library/PrivateFrameworks/Ubiquity.framework/Versions/A/Ubiquity
0x0000000008721000 	/System/Library/PrivateFrameworks/IconServices.framework/Versions/A/IconServices
0x0000000008721000 	/System/Library/PrivateFrameworks/ChunkingLibrary.framework/Versions/A/ChunkingLibrary
0x0000000008721000 	/System/Library/PrivateFrameworks/CoreSymbolication.framework/Versions/A/CoreSymbolication
0x0000000008721000 	/System/Library/PrivateFrameworks/Symbolication.framework/Versions/A/Symbolication
0x0000000008721000 	/System/Library/PrivateFrameworks/DebugSymbols.framework/Versions/A/DebugSymbols
0x000000010f600000 	/Library/Java/JavaVirtualMachines/jdk1.7.0_51.jdk/Contents/Home/jre/lib/server/libjvm.dylib
0x0000000008721000 	/usr/lib/libstdc++.6.dylib
0x000000010e58b000 	/Library/Java/JavaVirtualMachines/jdk1.7.0_51.jdk/Contents/Home/jre/lib/libverify.dylib
0x000000010e598000 	/Library/Java/JavaVirtualMachines/jdk1.7.0_51.jdk/Contents/Home/jre/lib/libjava.dylib
0x000000010e5d2000 	/Library/Java/JavaVirtualMachines/jdk1.7.0_51.jdk/Contents/Home/jre/lib/libzip.dylib
0x00000001184cf000 	/System/Library/Frameworks/JavaVM.framework/Frameworks/JavaRuntimeSupport.framework/JavaRuntimeSupport
0x00000001184e7000 	/System/Library/Frameworks/JavaVM.framework/Versions/A/Frameworks/JavaNativeFoundation.framework/Versions/A/JavaNativeFoundation
0x000000010e5f2000 	/System/Library/Frameworks/JavaVM.framework/Versions/A/JavaVM
0x0000000008721000 	/System/Library/Frameworks/Carbon.framework/Versions/A/Carbon
0x00000001184fc000 	/System/Library/PrivateFrameworks/JavaLaunching.framework/Versions/A/JavaLaunching
0x0000000008721000 	/System/Library/Frameworks/Carbon.framework/Versions/A/Frameworks/CommonPanels.framework/Versions/A/CommonPanels
0x0000000008721000 	/System/Library/Frameworks/Carbon.framework/Versions/A/Frameworks/Help.framework/Versions/A/Help
0x0000000008721000 	/System/Library/Frameworks/Carbon.framework/Versions/A/Frameworks/ImageCapture.framework/Versions/A/ImageCapture
0x0000000008721000 	/System/Library/Frameworks/Carbon.framework/Versions/A/Frameworks/OpenScripting.framework/Versions/A/OpenScripting
0x0000000008721000 	/System/Library/Frameworks/Carbon.framework/Versions/A/Frameworks/Print.framework/Versions/A/Print
0x0000000008721000 	/System/Library/Frameworks/Carbon.framework/Versions/A/Frameworks/SecurityHI.framework/Versions/A/SecurityHI

VM Arguments:
jvm_args: -Dfile.encoding=US-ASCII 
java_command: project5.Project5
Launcher Type: SUN_STANDARD

Environment Variables:
PATH=/usr/bin:/bin:/usr/sbin:/sbin
SHELL=/bin/bash

Signal Handlers:
SIGSEGV: [libjvm.dylib+0x525425], sa_mask[0]=0xfffefeff, sa_flags=0x00000043
SIGBUS: [libjvm.dylib+0x525425], sa_mask[0]=0xfffefeff, sa_flags=0x00000042
SIGFPE: [libjvm.dylib+0x41892a], sa_mask[0]=0xfffefeff, sa_flags=0x00000042
SIGPIPE: [libjvm.dylib+0x41892a], sa_mask[0]=0xfffefeff, sa_flags=0x00000042
SIGXFSZ: [libjvm.dylib+0x41892a], sa_mask[0]=0xfffefeff, sa_flags=0x00000042
SIGILL: [libjvm.dylib+0x41892a], sa_mask[0]=0xfffefeff, sa_flags=0x00000042
SIGUSR1: SIG_DFL, sa_mask[0]=0x00000000, sa_flags=0x00000002
SIGUSR2: [libjvm.dylib+0x41841c], sa_mask[0]=0x00000004, sa_flags=0x00000042
SIGHUP: [libjvm.dylib+0x4166ab], sa_mask[0]=0xfffefeff, sa_flags=0x00000042
SIGINT: [libjvm.dylib+0x4166ab], sa_mask[0]=0xfffefeff, sa_flags=0x00000042
SIGTERM: [libjvm.dylib+0x4166ab], sa_mask[0]=0xfffefeff, sa_flags=0x00000042
SIGQUIT: [libjvm.dylib+0x4166ab], sa_mask[0]=0xfffefeff, sa_flags=0x00000042


---------------  S Y S T E M  ---------------

OS:Bsduname:Darwin 13.1.0 Darwin Kernel Version 13.1.0: Wed Apr  2 23:52:02 PDT 2014; root:xnu-2422.92.1~2/RELEASE_X86_64 x86_64
rlimit: STACK 8192k, CORE 0k, NPROC 709, NOFILE 10240, AS infinity
load average:2.67 2.52 2.10

CPU:total 8 (4 cores per cpu, 2 threads per core) family 6 model 42 stepping 7, cmov, cx8, fxsr, mmx, sse, sse2, sse3, ssse3, sse4.1, sse4.2, popcnt, avx, aes, ht, tsc, tscinvbit

Memory: 4k page, physical 4194304k(1048576k free)

/proc/meminfo:


vm_info: Java HotSpot(TM) 64-Bit Server VM (24.51-b03) for bsd-amd64 JRE (1.7.0_51-b13), built on Dec 18 2013 18:45:56 by "java_re" with gcc 4.2.1 (Based on Apple Inc. build 5658) (LLVM build 2336.11.00)

time: Tue May 13 10:03:53 2014
elapsed time: 591 seconds

